#-----------------------------------------------------------
# Vivado v2019.1 (64-bit)
# SW Build 2552052 on Fri May 24 14:49:42 MDT 2019
# IP Build 2548770 on Fri May 24 18:01:18 MDT 2019
# Start of session at: Sun Sep 25 17:01:30 2022
# Process ID: 14880
# Current directory: C:/Users/admin/Desktop/activecore-master/designs/rtl/sigma/syn/syn_4stage/NEXYS4_DDR
# Command line: vivado.exe -gui_launcher_event rodinguilauncherevent16180 C:\Users\admin\Desktop\activecore-master\designs\rtl\sigma\syn\syn_4stage\NEXYS4_DDR\NEXYS4_DDR.xpr
# Log file: C:/Users/admin/Desktop/activecore-master/designs/rtl/sigma/syn/syn_4stage/NEXYS4_DDR/vivado.log
# Journal file: C:/Users/admin/Desktop/activecore-master/designs/rtl/sigma/syn/syn_4stage/NEXYS4_DDR\vivado.jou
#-----------------------------------------------------------
start_gui
open_project C:/Users/admin/Desktop/activecore-master/designs/rtl/sigma/syn/syn_4stage/NEXYS4_DDR/NEXYS4_DDR.xpr
INFO: [ProjectBase 1-489] The host OS only allows 260 characters in a normal path. The project is stored in a path with more than 80 characters. If you experience issues with IP, Block Designs, or files not being found, please consider moving the project to a location with a shorter path. Alternately consider using the OS subst command to map part of the path to a drive letter.
Current project path is 'C:/Users/admin/Desktop/activecore-master/designs/rtl/sigma/syn/syn_4stage/NEXYS4_DDR'
INFO: [Project 1-313] Project file moved from 'C:/Users/anton/PROJECTS/activecore/designs/rtl/sigma/syn/syn_4stage/NEXYS4_DDR' since last save.
Scanning sources...
Finished scanning sources
WARNING: [Project 1-509] GeneratedRun file for 'synth_1' not found
WARNING: [Project 1-509] GeneratedRun file for 'sys_clk_synth_1' not found
WARNING: [Project 1-509] GeneratedRun file for 'impl_1' not found
WARNING: [filemgmt 56-2] IPUserFilesDir: Could not find the directory 'C:/Users/admin/Desktop/activecore-master/designs/rtl/sigma/syn/syn_4stage/NEXYS4_DDR/NEXYS4_DDR.ip_user_files', nor could it be found using path 'C:/Users/anton/PROJECTS/activecore/designs/rtl/sigma/syn/syn_4stage/NEXYS4_DDR/NEXYS4_DDR.ip_user_files'.
INFO: [IP_Flow 19-234] Refreshing IP repositories
INFO: [IP_Flow 19-1704] No user IP repositories specified
INFO: [IP_Flow 19-2313] Loaded Vivado IP repository 'D:/Vivado/2019.1/data/ip'.
open_project: Time (s): cpu = 00:00:18 ; elapsed = 00:00:09 . Memory (MB): peak = 938.285 ; gain = 66.164
update_compile_order -fileset sources_1
launch_simulation
INFO: [Vivado 12-5698] Checking validity of IPs in the design for the 'XSim' simulator...
INFO: [Vivado 12-5682] Launching behavioral simulation in 'C:/Users/admin/Desktop/activecore-master/designs/rtl/sigma/syn/syn_4stage/NEXYS4_DDR/NEXYS4_DDR.sim/sim_1/behav/xsim'
INFO: [Vivado 12-4795] Using compiled simulation libraries for IPs
INFO: [SIM-utils-51] Simulation object is 'sim_1'
INFO: [USF-XSim-7] Finding pre-compiled libraries...
INFO: [USF-XSim-11] File 'D:/Vivado/2019.1/data/xsim/xsim.ini' copied to run dir:'C:/Users/admin/Desktop/activecore-master/designs/rtl/sigma/syn/syn_4stage/NEXYS4_DDR/NEXYS4_DDR.sim/sim_1/behav/xsim'
INFO: [SIM-utils-54] Inspecting design source files for 'riscv_tb' in fileset 'sim_1'...
WARNING: [SIM-utils-52] IP component XML file does not exist: 'c:/Users/admin/Desktop/activecore-master/designs/rtl/sigma/syn/syn_4stage/NEXYS4_DDR/NEXYS4_DDR.srcs/sources_1/ip/sys_clk/sys_clk.xml'
INFO: [USF-XSim-97] Finding global include files...
INFO: [USF-XSim-98] Fetching design files from 'sim_1'...
INFO: [USF-XSim-2] XSim::Compile design
INFO: [USF-XSim-61] Executing 'COMPILE and ANALYZE' step in 'C:/Users/admin/Desktop/activecore-master/designs/rtl/sigma/syn/syn_4stage/NEXYS4_DDR/NEXYS4_DDR.sim/sim_1/behav/xsim'
"xvlog --incr --relax -prj riscv_tb_vlog.prj"
INFO: [VRFC 10-2263] Analyzing Verilog file "C:/Users/admin/Desktop/activecore-master/designs/rtl/debouncer/debouncer.v" into library xil_defaultlib
INFO: [VRFC 10-311] analyzing module debouncer
INFO: [VRFC 10-2263] Analyzing Verilog file "C:/Users/admin/Desktop/activecore-master/designs/rtl/ram/ram_dual.v" into library xil_defaultlib
INFO: [VRFC 10-311] analyzing module ram_dual
INFO: [VRFC 10-2263] Analyzing Verilog file "C:/Users/admin/Desktop/activecore-master/designs/rtl/ram/ram_dual_memsplit.v" into library xil_defaultlib
INFO: [VRFC 10-311] analyzing module ram_dual_memsplit
INFO: [VRFC 10-2263] Analyzing Verilog file "C:/Users/admin/Desktop/activecore-master/designs/rtl/reset_sync/reset_sync.v" into library xil_defaultlib
INFO: [VRFC 10-311] analyzing module reset_sync
INFO: [VRFC 10-2263] Analyzing Verilog file "C:/Users/admin/Desktop/activecore-master/designs/rtl/sigma_tile/hw/mul_div/riscv_divider.v" into library xil_defaultlib
INFO: [VRFC 10-311] analyzing module riscv_divider
INFO: [VRFC 10-2263] Analyzing Verilog file "C:/Users/admin/Desktop/activecore-master/designs/rtl/sigma_tile/hw/mul_div/riscv_multiplier.v" into library xil_defaultlib
INFO: [VRFC 10-311] analyzing module riscv_multiplier
INFO: [VRFC 10-2263] Analyzing Verilog file "C:/Users/admin/Desktop/activecore-master/designs/rtl/udm/hw/uart_rx.v" into library xil_defaultlib
INFO: [VRFC 10-311] analyzing module uart_rx
INFO: [VRFC 10-2263] Analyzing Verilog file "C:/Users/admin/Desktop/activecore-master/designs/rtl/udm/hw/uart_tx.v" into library xil_defaultlib
INFO: [VRFC 10-311] analyzing module uart_tx
INFO: [VRFC 10-2263] Analyzing Verilog file "C:/Users/admin/Desktop/activecore-master/designs/rtl/udm/hw/udm.v" into library xil_defaultlib
INFO: [VRFC 10-311] analyzing module udm
INFO: [VRFC 10-2263] Analyzing Verilog file "C:/Users/admin/Desktop/activecore-master/designs/rtl/udm/hw/udm_controller.v" into library xil_defaultlib
INFO: [VRFC 10-311] analyzing module udm_controller
INFO: [VRFC 10-2263] Analyzing SystemVerilog file "C:/Users/admin/Desktop/activecore-master/designs/rtl/sigma_tile/hw/arb_1m2s.sv" into library xil_defaultlib
INFO: [VRFC 10-311] analyzing module arb_1m2s
INFO: [VRFC 10-2263] Analyzing SystemVerilog file "C:/Users/admin/Desktop/activecore-master/designs/rtl/sigma_tile/hw/arb_2m1s.sv" into library xil_defaultlib
INFO: [VRFC 10-311] analyzing module arb_2m1s
INFO: [VRFC 10-2263] Analyzing SystemVerilog file "C:/Users/admin/Desktop/activecore-master/designs/rtl/sigma_tile/hw/arb_2m3s.sv" into library xil_defaultlib
INFO: [VRFC 10-311] analyzing module arb_2m3s
INFO: [VRFC 10-2263] Analyzing SystemVerilog file "C:/Users/admin/Desktop/activecore-master/designs/rtl/sigma_tile/hw/coproc_custom0_wrapper.sv" into library xil_defaultlib
INFO: [VRFC 10-311] analyzing module coproc_custom0_wrapper
INFO: [VRFC 10-2263] Analyzing SystemVerilog file "C:/Users/admin/Desktop/activecore-master/designs/rtl/sigma_tile/hw/cpu_stub.sv" into library xil_defaultlib
INFO: [VRFC 10-311] analyzing module cpu_stub
INFO: [VRFC 10-2263] Analyzing SystemVerilog file "C:/Users/admin/Desktop/activecore-master/designs/rtl/sigma_tile/hw/mul_div/genexu_MUL_DIV.sv" into library xil_defaultlib
INFO: [VRFC 10-311] analyzing module genexu_MUL_DIV
INFO: [VRFC 10-2263] Analyzing SystemVerilog file "C:/Users/admin/Desktop/activecore-master/designs/rtl/sigma_tile/hw/irq_adapter.sv" into library xil_defaultlib
INFO: [VRFC 10-311] analyzing module irq_adapter
INFO: [VRFC 10-2263] Analyzing SystemVerilog file "C:/Users/admin/Desktop/activecore-master/designs/rtl/sigma_tile/hw/riscv/coregen/riscv_4stage/sverilog/riscv_4stage.sv" into library xil_defaultlib
INFO: [VRFC 10-311] analyzing module riscv_4stage
INFO: [VRFC 10-2263] Analyzing SystemVerilog file "C:/Users/admin/Desktop/activecore-master/designs/rtl/sigma_tile/hw/sfr.sv" into library xil_defaultlib
INFO: [VRFC 10-311] analyzing module sfr
INFO: [VRFC 10-2263] Analyzing SystemVerilog file "C:/Users/admin/Desktop/activecore-master/designs/rtl/sigma/hw/sigma.sv" into library xil_defaultlib
INFO: [VRFC 10-311] analyzing module sigma
INFO: [VRFC 10-2263] Analyzing SystemVerilog file "C:/Users/admin/Desktop/activecore-master/designs/rtl/sigma_tile/hw/sigma_tile.sv" into library xil_defaultlib
INFO: [VRFC 10-311] analyzing module sigma_tile
INFO: [VRFC 10-2263] Analyzing SystemVerilog file "C:/Users/admin/Desktop/activecore-master/designs/rtl/sigma/tb/riscv_tb.sv" into library xil_defaultlib
INFO: [VRFC 10-311] analyzing module riscv_tb
INFO: [VRFC 10-2263] Analyzing Verilog file "C:/Users/admin/Desktop/activecore-master/designs/rtl/sigma/syn/syn_4stage/NEXYS4_DDR/NEXYS4_DDR.sim/sim_1/behav/xsim/glbl.v" into library xil_defaultlib
INFO: [VRFC 10-311] analyzing module glbl
INFO: [USF-XSim-69] 'compile' step finished in '3' seconds
INFO: [USF-XSim-3] XSim::Elaborate design
INFO: [USF-XSim-61] Executing 'ELABORATE' step in 'C:/Users/admin/Desktop/activecore-master/designs/rtl/sigma/syn/syn_4stage/NEXYS4_DDR/NEXYS4_DDR.sim/sim_1/behav/xsim'
"xelab -wto 783e97e2ccdd4ee09b45ca8a87a6dff8 --incr --debug typical --relax --mt 2 -L xil_defaultlib -L unisims_ver -L unimacro_ver -L secureip -L xpm --snapshot riscv_tb_behav xil_defaultlib.riscv_tb xil_defaultlib.glbl -log elaborate.log"
Vivado Simulator 2019.1
Copyright 1986-1999, 2001-2019 Xilinx, Inc. All Rights Reserved.
Running: D:/Vivado/2019.1/bin/unwrapped/win64.o/xelab.exe -wto 783e97e2ccdd4ee09b45ca8a87a6dff8 --incr --debug typical --relax --mt 2 -L xil_defaultlib -L unisims_ver -L unimacro_ver -L secureip -L xpm --snapshot riscv_tb_behav xil_defaultlib.riscv_tb xil_defaultlib.glbl -log elaborate.log 
Using 2 slave threads.
Starting static elaboration
WARNING: [VRFC 10-3091] actual bit length 36 differs from formal bit length 16 for port 'irq_debounced_bi' [C:/Users/admin/Desktop/activecore-master/designs/rtl/sigma/hw/sigma.sv:70]
WARNING: [VRFC 10-3091] actual bit length 36 differs from formal bit length 8 for port 'irq_fifo_genfifo_rdata_bi' [C:/Users/admin/Desktop/activecore-master/designs/rtl/sigma_tile/hw/sigma_tile.sv:345]
WARNING: [VRFC 10-526] concatenation with unsized literal; will interpret as 32 bits [C:/Users/admin/Desktop/activecore-master/designs/rtl/sigma/hw/sigma.sv:70]
WARNING: [VRFC 10-526] concatenation with unsized literal; will interpret as 32 bits [C:/Users/admin/Desktop/activecore-master/designs/rtl/sigma_tile/hw/sigma_tile.sv:345]
WARNING: [VRFC 10-696] first argument of $fatal is invalid, expecting 0, 1 or 2 [C:/Users/admin/Desktop/activecore-master/designs/rtl/ram/ram_dual.v:56]
WARNING: [VRFC 10-696] first argument of $fatal is invalid, expecting 0, 1 or 2 [C:/Users/admin/Desktop/activecore-master/designs/rtl/ram/ram_dual.v:62]
WARNING: [VRFC 10-696] first argument of $fatal is invalid, expecting 0, 1 or 2 [C:/Users/admin/Desktop/activecore-master/designs/rtl/ram/ram_dual.v:125]
Completed static elaboration
INFO: [XSIM 43-4329] Assuming default value 1 for the first arguement of $fatal at Line 56, File C:/Users/admin/Desktop/activecore-master/designs/rtl/ram/ram_dual.v
INFO: [XSIM 43-4329] Assuming default value 1 for the first arguement of $fatal at Line 62, File C:/Users/admin/Desktop/activecore-master/designs/rtl/ram/ram_dual.v
Starting simulation data flow analysis
WARNING: [XSIM 43-4099] "C:/Users/admin/Desktop/activecore-master/designs/rtl/sigma/hw/sigma.sv" Line 12. Module sigma(CPU="riscv_4stage",UDM_RTX_EXTERNAL_OVERRIDE="YES",DEBOUNCER_FACTOR_POW=2,mem_init_data="C:/Users/admin/Desktop/activecore-master/designs/rtl/sigma/sw/apps/qsort.riscv",mem_size=8192) doesn't have a timescale but at least one module in design has a timescale.
WARNING: [XSIM 43-4099] "../../../../../../../../sigma_tile/hw/sigma_tile.svh" Line 13. Module MemSplit32 doesn't have a timescale but at least one module in design has a timescale.
WARNING: [XSIM 43-4099] "../../../../../../../../sigma_tile/hw/sigma_tile.svh" Line 13. Module MemSplit32 doesn't have a timescale but at least one module in design has a timescale.
WARNING: [XSIM 43-4099] "C:/Users/admin/Desktop/activecore-master/designs/rtl/reset_sync/reset_sync.v" Line 1. Module reset_sync doesn't have a timescale but at least one module in design has a timescale.
WARNING: [XSIM 43-4099] "C:/Users/admin/Desktop/activecore-master/designs/rtl/debouncer/debouncer.v" Line 10. Module debouncer(FACTOR_POW=2) doesn't have a timescale but at least one module in design has a timescale.
WARNING: [XSIM 43-4099] "C:/Users/admin/Desktop/activecore-master/designs/rtl/sigma_tile/hw/sigma_tile.sv" Line 19. Module sigma_tile(mem_init_data="C:/Users/admin/Desktop/activecore-master/designs/rtl/sigma/sw/apps/qsort.riscv",mem_size=8192,CPU="riscv_4stage") doesn't have a timescale but at least one module in design has a timescale.
WARNING: [XSIM 43-4099] "../../../../../../../../sigma_tile/hw/sigma_tile.svh" Line 13. Module MemSplit32 doesn't have a timescale but at least one module in design has a timescale.
WARNING: [XSIM 43-4099] "../../../../../../../../sigma_tile/hw/sigma_tile.svh" Line 13. Module MemSplit32 doesn't have a timescale but at least one module in design has a timescale.
WARNING: [XSIM 43-4099] "../../../../../../../../sigma_tile/hw/sigma_tile.svh" Line 13. Module MemSplit32 doesn't have a timescale but at least one module in design has a timescale.
WARNING: [XSIM 43-4099] "../../../../../../../../sigma_tile/hw/sigma_tile.svh" Line 13. Module MemSplit32 doesn't have a timescale but at least one module in design has a timescale.
WARNING: [XSIM 43-4099] "C:/Users/admin/Desktop/activecore-master/designs/rtl/sigma_tile/hw/irq_adapter.sv" Line 10. Module irq_adapter_default doesn't have a timescale but at least one module in design has a timescale.
WARNING: [XSIM 43-4099] "C:/Users/admin/Desktop/activecore-master/designs/rtl/sigma_tile/hw/mul_div/genexu_MUL_DIV.sv" Line 3. Module genexu_MUL_DIV doesn't have a timescale but at least one module in design has a timescale.
WARNING: [XSIM 43-4099] "C:/Users/admin/Desktop/activecore-master/designs/rtl/sigma_tile/hw/mul_div/riscv_multiplier.v" Line 42. Module riscv_multiplier doesn't have a timescale but at least one module in design has a timescale.
WARNING: [XSIM 43-4099] "C:/Users/admin/Desktop/activecore-master/designs/rtl/sigma_tile/hw/mul_div/riscv_divider.v" Line 42. Module riscv_divider doesn't have a timescale but at least one module in design has a timescale.
WARNING: [XSIM 43-4099] "C:/Users/admin/Desktop/activecore-master/designs/rtl/sigma_tile/hw/coproc_custom0_wrapper.sv" Line 3. Module coproc_custom0_wrapper doesn't have a timescale but at least one module in design has a timescale.
WARNING: [XSIM 43-4099] "C:/Users/admin/Desktop/activecore-master/designs/rtl/sigma_tile/hw/riscv/coregen/riscv_4stage/sverilog/riscv_4stage.sv" Line 9. Module riscv_4stage doesn't have a timescale but at least one module in design has a timescale.
WARNING: [XSIM 43-4099] "C:/Users/admin/Desktop/activecore-master/designs/rtl/sigma_tile/hw/arb_2m3s.sv" Line 12. Module arb_2m3s(SFR_BITSEL=20) doesn't have a timescale but at least one module in design has a timescale.
WARNING: [XSIM 43-4099] "C:/Users/admin/Desktop/activecore-master/designs/rtl/ram/ram_dual_memsplit.v" Line 1. Module ram_dual_memsplit(init_type="elf",init_data="C:/Users/admin/Desktop/activecore-master/designs/rtl/sigma/sw/apps/qsort.riscv",adr_width=30,mem_size=8192,P1_FRAC="YES") doesn't have a timescale but at least one module in design has a timescale.
WARNING: [XSIM 43-4099] "C:/Users/admin/Desktop/activecore-master/designs/rtl/ram/ram_dual.v" Line 1. Module ram_dual(init_type="elf",init_data="C:/Users/admin/Desktop/activecore-master/designs/rtl/sigma/sw/apps/qsort.riscv",adr_width=30,mem_size=8192) doesn't have a timescale but at least one module in design has a timescale.
WARNING: [XSIM 43-4099] "C:/Users/admin/Desktop/activecore-master/designs/rtl/sigma_tile/hw/sfr.sv" Line 12. Module sfr doesn't have a timescale but at least one module in design has a timescale.
WARNING: [XSIM 43-4099] "C:/Users/admin/Desktop/activecore-master/designs/rtl/udm/hw/udm.v" Line 10. Module udm(BUS_TIMEOUT=104857600,RTX_EXTERNAL_OVERRIDE="YES") doesn't have a timescale but at least one module in design has a timescale.
WARNING: [XSIM 43-4099] "C:/Users/admin/Desktop/activecore-master/designs/rtl/udm/hw/uart_rx.v" Line 10. Module uart_rx(RTX_EXTERNAL_OVERRIDE="YES") doesn't have a timescale but at least one module in design has a timescale.
WARNING: [XSIM 43-4099] "C:/Users/admin/Desktop/activecore-master/designs/rtl/udm/hw/uart_tx.v" Line 10. Module uart_tx(RTX_EXTERNAL_OVERRIDE="YES") doesn't have a timescale but at least one module in design has a timescale.
WARNING: [XSIM 43-4099] "C:/Users/admin/Desktop/activecore-master/designs/rtl/udm/hw/udm_controller.v" Line 10. Module udm_controller(BUS_TIMEOUT=104857600) doesn't have a timescale but at least one module in design has a timescale.
Completed simulation data flow analysis
Time Resolution for simulation is 1ps
Compiling package xil_defaultlib.$unit_arb_1m2s_sv
Compiling module xil_defaultlib.MemSplit32
Compiling module xil_defaultlib.reset_sync
Compiling module xil_defaultlib.debouncer(FACTOR_POW=2)
Compiling module xil_defaultlib.irq_adapter_default
Compiling module xil_defaultlib.riscv_multiplier
Compiling module xil_defaultlib.riscv_divider
Compiling module xil_defaultlib.genexu_MUL_DIV
Compiling module xil_defaultlib.coproc_custom0_wrapper
Compiling module xil_defaultlib.riscv_4stage
Compiling module xil_defaultlib.arb_2m3s(SFR_BITSEL=20)
Compiling module xil_defaultlib.ram_dual(init_type="elf",init_da...
Compiling module xil_defaultlib.ram_dual_memsplit(init_type="elf...
Compiling module xil_defaultlib.sfr
Compiling module xil_defaultlib.sigma_tile(mem_init_data="C:/Use...
Compiling module xil_defaultlib.uart_rx(RTX_EXTERNAL_OVERRIDE="Y...
Compiling module xil_defaultlib.uart_tx(RTX_EXTERNAL_OVERRIDE="Y...
Compiling module xil_defaultlib.udm_controller(BUS_TIMEOUT=10485...
Compiling module xil_defaultlib.udm(BUS_TIMEOUT=104857600,RTX_EX...
Compiling module xil_defaultlib.sigma(CPU="riscv_4stage",UDM_RTX...
Compiling module xil_defaultlib.riscv_tb
Compiling module xil_defaultlib.glbl
Built simulation snapshot riscv_tb_behav

****** Webtalk v2019.1 (64-bit)
  **** SW Build 2552052 on Fri May 24 14:49:42 MDT 2019
  **** IP Build 2548770 on Fri May 24 18:01:18 MDT 2019
    ** Copyright 1986-2019 Xilinx, Inc. All Rights Reserved.

source C:/Users/admin/Desktop/activecore-master/designs/rtl/sigma/syn/syn_4stage/NEXYS4_DDR/NEXYS4_DDR.sim/sim_1/behav/xsim/xsim.dir/riscv_tb_behav/webtalk/xsim_webtalk.tcl -notrace
INFO: [Common 17-186] 'C:/Users/admin/Desktop/activecore-master/designs/rtl/sigma/syn/syn_4stage/NEXYS4_DDR/NEXYS4_DDR.sim/sim_1/behav/xsim/xsim.dir/riscv_tb_behav/webtalk/usage_statistics_ext_xsim.xml' has been successfully sent to Xilinx on Sun Sep 25 17:04:22 2022. For additional details about this file, please refer to the WebTalk help file at D:/Vivado/2019.1/doc/webtalk_introduction.html.
INFO: [Common 17-206] Exiting Webtalk at Sun Sep 25 17:04:22 2022...
run_program: Time (s): cpu = 00:00:01 ; elapsed = 00:00:12 . Memory (MB): peak = 938.285 ; gain = 0.000
INFO: [USF-XSim-69] 'elaborate' step finished in '12' seconds
INFO: [USF-XSim-4] XSim::Simulate design
INFO: [USF-XSim-61] Executing 'SIMULATE' step in 'C:/Users/admin/Desktop/activecore-master/designs/rtl/sigma/syn/syn_4stage/NEXYS4_DDR/NEXYS4_DDR.sim/sim_1/behav/xsim'
INFO: [USF-XSim-98] *** Running xsim
   with args "riscv_tb_behav -key {Behavioral:sim_1:Functional:riscv_tb} -tclbatch {riscv_tb.tcl} -log {simulate.log}"
INFO: [USF-XSim-8] Loading simulator feature
Vivado Simulator 2019.1
Time resolution is 1 ps
source riscv_tb.tcl
# set curr_wave [current_wave_config]
# if { [string length $curr_wave] == 0 } {
#   if { [llength [get_objects]] > 0} {
#     add_wave /
#     set_property needs_save false [current_wave_config]
#   } else {
#      send_msg_id Add_Wave-1 WARNING "No top level signals found. Simulator will start without a wave window. If you want to open a wave window go to 'File->New Waveform Configuration' or type 'create_wave_config' in the TCL console."
#   }
# }
WARNING: Simulation object /riscv_tb/udm was not traceable in the design for the following reason:
Vivado Simulator does not support tracing of System Verilog Dynamic Type object.
# run 1000ns
WARNING: Insufficient data from the input file for $fread

##################################
#### Loading elf file: C:/Users/admin/Desktop/activecore-master/designs/rtl/sigma/sw/apps/qsort.riscv
e_machine: 0x000000f3 (   RISC-V)
e_phnum: 0x00000001
---- HEADER: 0 ----
p_type: 0x00000001
p_offset: 0x00000000
p_vaddr: 0x00000000
p_paddr: 0x00000000
p_filesz: 0x00002720
p_memsz: 0x00002720
p_flags: 0x00000007
p_align: 0x00001000
##################################

### SIMULATION STARTED ###
INFO: [USF-XSim-96] XSim completed. Design snapshot 'riscv_tb_behav' loaded.
INFO: [USF-XSim-97] XSim simulation ran for 1000ns
launch_simulation: Time (s): cpu = 00:00:14 ; elapsed = 00:00:22 . Memory (MB): peak = 938.285 ; gain = 0.000
run all
### TEST PROCEDURE FINISHED ###
$stop called at time : 512665 ns : File "C:/Users/admin/Desktop/activecore-master/designs/rtl/sigma/tb/riscv_tb.sv" Line 134
run: Time (s): cpu = 00:00:05 ; elapsed = 00:00:19 . Memory (MB): peak = 938.285 ; gain = 0.000
run all
run: Time (s): cpu = 00:00:15 ; elapsed = 00:00:37 . Memory (MB): peak = 938.285 ; gain = 0.000
close_sim
INFO: [Simtcl 6-16] Simulation closed
close_sim: Time (s): cpu = 00:00:02 ; elapsed = 00:00:07 . Memory (MB): peak = 938.285 ; gain = 0.000
launch_simulation
INFO: [Vivado 12-5698] Checking validity of IPs in the design for the 'XSim' simulator...
INFO: [Vivado 12-5682] Launching behavioral simulation in 'C:/Users/admin/Desktop/activecore-master/designs/rtl/sigma/syn/syn_4stage/NEXYS4_DDR/NEXYS4_DDR.sim/sim_1/behav/xsim'
INFO: [Vivado 12-4795] Using compiled simulation libraries for IPs
INFO: [SIM-utils-51] Simulation object is 'sim_1'
INFO: [USF-XSim-7] Finding pre-compiled libraries...
INFO: [USF-XSim-11] File 'D:/Vivado/2019.1/data/xsim/xsim.ini' copied to run dir:'C:/Users/admin/Desktop/activecore-master/designs/rtl/sigma/syn/syn_4stage/NEXYS4_DDR/NEXYS4_DDR.sim/sim_1/behav/xsim'
INFO: [SIM-utils-54] Inspecting design source files for 'riscv_tb' in fileset 'sim_1'...
WARNING: [SIM-utils-52] IP component XML file does not exist: 'c:/Users/admin/Desktop/activecore-master/designs/rtl/sigma/syn/syn_4stage/NEXYS4_DDR/NEXYS4_DDR.srcs/sources_1/ip/sys_clk/sys_clk.xml'
INFO: [USF-XSim-97] Finding global include files...
INFO: [USF-XSim-98] Fetching design files from 'sim_1'...
INFO: [USF-XSim-2] XSim::Compile design
INFO: [USF-XSim-61] Executing 'COMPILE and ANALYZE' step in 'C:/Users/admin/Desktop/activecore-master/designs/rtl/sigma/syn/syn_4stage/NEXYS4_DDR/NEXYS4_DDR.sim/sim_1/behav/xsim'
"xvlog --incr --relax -prj riscv_tb_vlog.prj"
INFO: [VRFC 10-2263] Analyzing SystemVerilog file "C:/Users/admin/Desktop/activecore-master/designs/rtl/sigma_tile/hw/arb_1m2s.sv" into library xil_defaultlib
INFO: [VRFC 10-311] analyzing module arb_1m2s
INFO: [VRFC 10-2263] Analyzing SystemVerilog file "C:/Users/admin/Desktop/activecore-master/designs/rtl/sigma_tile/hw/arb_2m1s.sv" into library xil_defaultlib
INFO: [VRFC 10-311] analyzing module arb_2m1s
INFO: [VRFC 10-2263] Analyzing SystemVerilog file "C:/Users/admin/Desktop/activecore-master/designs/rtl/sigma_tile/hw/arb_2m3s.sv" into library xil_defaultlib
INFO: [VRFC 10-311] analyzing module arb_2m3s
INFO: [VRFC 10-2263] Analyzing SystemVerilog file "C:/Users/admin/Desktop/activecore-master/designs/rtl/sigma_tile/hw/coproc_custom0_wrapper.sv" into library xil_defaultlib
INFO: [VRFC 10-311] analyzing module coproc_custom0_wrapper
INFO: [VRFC 10-2263] Analyzing SystemVerilog file "C:/Users/admin/Desktop/activecore-master/designs/rtl/sigma_tile/hw/cpu_stub.sv" into library xil_defaultlib
INFO: [VRFC 10-311] analyzing module cpu_stub
INFO: [VRFC 10-2263] Analyzing SystemVerilog file "C:/Users/admin/Desktop/activecore-master/designs/rtl/sigma_tile/hw/mul_div/genexu_MUL_DIV.sv" into library xil_defaultlib
INFO: [VRFC 10-311] analyzing module genexu_MUL_DIV
INFO: [VRFC 10-2263] Analyzing SystemVerilog file "C:/Users/admin/Desktop/activecore-master/designs/rtl/sigma_tile/hw/irq_adapter.sv" into library xil_defaultlib
INFO: [VRFC 10-311] analyzing module irq_adapter
INFO: [VRFC 10-2263] Analyzing SystemVerilog file "C:/Users/admin/Desktop/activecore-master/designs/rtl/sigma_tile/hw/riscv/coregen/riscv_4stage/sverilog/riscv_4stage.sv" into library xil_defaultlib
INFO: [VRFC 10-311] analyzing module riscv_4stage
INFO: [VRFC 10-2263] Analyzing SystemVerilog file "C:/Users/admin/Desktop/activecore-master/designs/rtl/sigma_tile/hw/sfr.sv" into library xil_defaultlib
INFO: [VRFC 10-311] analyzing module sfr
INFO: [VRFC 10-2263] Analyzing SystemVerilog file "C:/Users/admin/Desktop/activecore-master/designs/rtl/sigma/hw/sigma.sv" into library xil_defaultlib
INFO: [VRFC 10-311] analyzing module sigma
INFO: [VRFC 10-2263] Analyzing SystemVerilog file "C:/Users/admin/Desktop/activecore-master/designs/rtl/sigma_tile/hw/sigma_tile.sv" into library xil_defaultlib
INFO: [VRFC 10-311] analyzing module sigma_tile
INFO: [VRFC 10-2263] Analyzing SystemVerilog file "C:/Users/admin/Desktop/activecore-master/designs/rtl/sigma/tb/riscv_tb.sv" into library xil_defaultlib
INFO: [VRFC 10-311] analyzing module riscv_tb
INFO: [USF-XSim-69] 'compile' step finished in '2' seconds
INFO: [USF-XSim-3] XSim::Elaborate design
INFO: [USF-XSim-61] Executing 'ELABORATE' step in 'C:/Users/admin/Desktop/activecore-master/designs/rtl/sigma/syn/syn_4stage/NEXYS4_DDR/NEXYS4_DDR.sim/sim_1/behav/xsim'
"xelab -wto 783e97e2ccdd4ee09b45ca8a87a6dff8 --incr --debug typical --relax --mt 2 -L xil_defaultlib -L unisims_ver -L unimacro_ver -L secureip -L xpm --snapshot riscv_tb_behav xil_defaultlib.riscv_tb xil_defaultlib.glbl -log elaborate.log"
Vivado Simulator 2019.1
Copyright 1986-1999, 2001-2019 Xilinx, Inc. All Rights Reserved.
Running: D:/Vivado/2019.1/bin/unwrapped/win64.o/xelab.exe -wto 783e97e2ccdd4ee09b45ca8a87a6dff8 --incr --debug typical --relax --mt 2 -L xil_defaultlib -L unisims_ver -L unimacro_ver -L secureip -L xpm --snapshot riscv_tb_behav xil_defaultlib.riscv_tb xil_defaultlib.glbl -log elaborate.log 
Using 2 slave threads.
Starting static elaboration
WARNING: [VRFC 10-3091] actual bit length 36 differs from formal bit length 16 for port 'irq_debounced_bi' [C:/Users/admin/Desktop/activecore-master/designs/rtl/sigma/hw/sigma.sv:70]
WARNING: [VRFC 10-3091] actual bit length 36 differs from formal bit length 8 for port 'irq_fifo_genfifo_rdata_bi' [C:/Users/admin/Desktop/activecore-master/designs/rtl/sigma_tile/hw/sigma_tile.sv:345]
WARNING: [VRFC 10-526] concatenation with unsized literal; will interpret as 32 bits [C:/Users/admin/Desktop/activecore-master/designs/rtl/sigma/hw/sigma.sv:70]
WARNING: [VRFC 10-526] concatenation with unsized literal; will interpret as 32 bits [C:/Users/admin/Desktop/activecore-master/designs/rtl/sigma_tile/hw/sigma_tile.sv:345]
WARNING: [VRFC 10-696] first argument of $fatal is invalid, expecting 0, 1 or 2 [C:/Users/admin/Desktop/activecore-master/designs/rtl/ram/ram_dual.v:56]
WARNING: [VRFC 10-696] first argument of $fatal is invalid, expecting 0, 1 or 2 [C:/Users/admin/Desktop/activecore-master/designs/rtl/ram/ram_dual.v:62]
WARNING: [VRFC 10-696] first argument of $fatal is invalid, expecting 0, 1 or 2 [C:/Users/admin/Desktop/activecore-master/designs/rtl/ram/ram_dual.v:125]
Completed static elaboration
INFO: [XSIM 43-4329] Assuming default value 1 for the first arguement of $fatal at Line 56, File C:/Users/admin/Desktop/activecore-master/designs/rtl/ram/ram_dual.v
INFO: [XSIM 43-4329] Assuming default value 1 for the first arguement of $fatal at Line 62, File C:/Users/admin/Desktop/activecore-master/designs/rtl/ram/ram_dual.v
Starting simulation data flow analysis
WARNING: [XSIM 43-4099] "C:/Users/admin/Desktop/activecore-master/designs/rtl/sigma/hw/sigma.sv" Line 12. Module sigma(CPU="riscv_4stage",UDM_RTX_EXTERNAL_OVERRIDE="YES",DEBOUNCER_FACTOR_POW=2,mem_init_data="C:/Users/admin/Desktop/activecore-master/designs/rtl/sigma/sw/apps/matrix_mul.riscv",mem_size=8192) doesn't have a timescale but at least one module in design has a timescale.
WARNING: [XSIM 43-4099] "../../../../../../../../sigma_tile/hw/sigma_tile.svh" Line 13. Module MemSplit32 doesn't have a timescale but at least one module in design has a timescale.
WARNING: [XSIM 43-4099] "../../../../../../../../sigma_tile/hw/sigma_tile.svh" Line 13. Module MemSplit32 doesn't have a timescale but at least one module in design has a timescale.
WARNING: [XSIM 43-4099] "C:/Users/admin/Desktop/activecore-master/designs/rtl/reset_sync/reset_sync.v" Line 1. Module reset_sync doesn't have a timescale but at least one module in design has a timescale.
WARNING: [XSIM 43-4099] "C:/Users/admin/Desktop/activecore-master/designs/rtl/debouncer/debouncer.v" Line 10. Module debouncer(FACTOR_POW=2) doesn't have a timescale but at least one module in design has a timescale.
WARNING: [XSIM 43-4099] "C:/Users/admin/Desktop/activecore-master/designs/rtl/sigma_tile/hw/sigma_tile.sv" Line 19. Module sigma_tile(mem_init_data="C:/Users/admin/Desktop/activecore-master/designs/rtl/sigma/sw/apps/matrix_mul.riscv",mem_size=8192,CPU="riscv_4stage") doesn't have a timescale but at least one module in design has a timescale.
WARNING: [XSIM 43-4099] "../../../../../../../../sigma_tile/hw/sigma_tile.svh" Line 13. Module MemSplit32 doesn't have a timescale but at least one module in design has a timescale.
WARNING: [XSIM 43-4099] "../../../../../../../../sigma_tile/hw/sigma_tile.svh" Line 13. Module MemSplit32 doesn't have a timescale but at least one module in design has a timescale.
WARNING: [XSIM 43-4099] "../../../../../../../../sigma_tile/hw/sigma_tile.svh" Line 13. Module MemSplit32 doesn't have a timescale but at least one module in design has a timescale.
WARNING: [XSIM 43-4099] "../../../../../../../../sigma_tile/hw/sigma_tile.svh" Line 13. Module MemSplit32 doesn't have a timescale but at least one module in design has a timescale.
WARNING: [XSIM 43-4099] "C:/Users/admin/Desktop/activecore-master/designs/rtl/sigma_tile/hw/irq_adapter.sv" Line 10. Module irq_adapter_default doesn't have a timescale but at least one module in design has a timescale.
WARNING: [XSIM 43-4099] "C:/Users/admin/Desktop/activecore-master/designs/rtl/sigma_tile/hw/mul_div/genexu_MUL_DIV.sv" Line 3. Module genexu_MUL_DIV doesn't have a timescale but at least one module in design has a timescale.
WARNING: [XSIM 43-4099] "C:/Users/admin/Desktop/activecore-master/designs/rtl/sigma_tile/hw/mul_div/riscv_multiplier.v" Line 42. Module riscv_multiplier doesn't have a timescale but at least one module in design has a timescale.
WARNING: [XSIM 43-4099] "C:/Users/admin/Desktop/activecore-master/designs/rtl/sigma_tile/hw/mul_div/riscv_divider.v" Line 42. Module riscv_divider doesn't have a timescale but at least one module in design has a timescale.
WARNING: [XSIM 43-4099] "C:/Users/admin/Desktop/activecore-master/designs/rtl/sigma_tile/hw/coproc_custom0_wrapper.sv" Line 3. Module coproc_custom0_wrapper doesn't have a timescale but at least one module in design has a timescale.
WARNING: [XSIM 43-4099] "C:/Users/admin/Desktop/activecore-master/designs/rtl/sigma_tile/hw/riscv/coregen/riscv_4stage/sverilog/riscv_4stage.sv" Line 9. Module riscv_4stage doesn't have a timescale but at least one module in design has a timescale.
WARNING: [XSIM 43-4099] "C:/Users/admin/Desktop/activecore-master/designs/rtl/sigma_tile/hw/arb_2m3s.sv" Line 12. Module arb_2m3s(SFR_BITSEL=20) doesn't have a timescale but at least one module in design has a timescale.
WARNING: [XSIM 43-4099] "C:/Users/admin/Desktop/activecore-master/designs/rtl/ram/ram_dual_memsplit.v" Line 1. Module ram_dual_memsplit(init_type="elf",init_data="C:/Users/admin/Desktop/activecore-master/designs/rtl/sigma/sw/apps/matrix_mul.riscv",adr_width=30,mem_size=8192,P1_FRAC="YES") doesn't have a timescale but at least one module in design has a timescale.
WARNING: [XSIM 43-4099] "C:/Users/admin/Desktop/activecore-master/designs/rtl/ram/ram_dual.v" Line 1. Module ram_dual(init_type="elf",init_data="C:/Users/admin/Desktop/activecore-master/designs/rtl/sigma/sw/apps/matrix_mul.riscv",adr_width=30,mem_size=8192) doesn't have a timescale but at least one module in design has a timescale.
WARNING: [XSIM 43-4099] "C:/Users/admin/Desktop/activecore-master/designs/rtl/sigma_tile/hw/sfr.sv" Line 12. Module sfr doesn't have a timescale but at least one module in design has a timescale.
WARNING: [XSIM 43-4099] "C:/Users/admin/Desktop/activecore-master/designs/rtl/udm/hw/udm.v" Line 10. Module udm(BUS_TIMEOUT=104857600,RTX_EXTERNAL_OVERRIDE="YES") doesn't have a timescale but at least one module in design has a timescale.
WARNING: [XSIM 43-4099] "C:/Users/admin/Desktop/activecore-master/designs/rtl/udm/hw/uart_rx.v" Line 10. Module uart_rx(RTX_EXTERNAL_OVERRIDE="YES") doesn't have a timescale but at least one module in design has a timescale.
WARNING: [XSIM 43-4099] "C:/Users/admin/Desktop/activecore-master/designs/rtl/udm/hw/uart_tx.v" Line 10. Module uart_tx(RTX_EXTERNAL_OVERRIDE="YES") doesn't have a timescale but at least one module in design has a timescale.
WARNING: [XSIM 43-4099] "C:/Users/admin/Desktop/activecore-master/designs/rtl/udm/hw/udm_controller.v" Line 10. Module udm_controller(BUS_TIMEOUT=104857600) doesn't have a timescale but at least one module in design has a timescale.
Completed simulation data flow analysis
Time Resolution for simulation is 1ps
Compiling package xil_defaultlib.$unit_arb_1m2s_sv
Compiling module xil_defaultlib.MemSplit32
Compiling module xil_defaultlib.reset_sync
Compiling module xil_defaultlib.debouncer(FACTOR_POW=2)
Compiling module xil_defaultlib.irq_adapter_default
Compiling module xil_defaultlib.riscv_multiplier
Compiling module xil_defaultlib.riscv_divider
Compiling module xil_defaultlib.genexu_MUL_DIV
Compiling module xil_defaultlib.coproc_custom0_wrapper
Compiling module xil_defaultlib.riscv_4stage
Compiling module xil_defaultlib.arb_2m3s(SFR_BITSEL=20)
Compiling module xil_defaultlib.ram_dual(init_type="elf",init_da...
Compiling module xil_defaultlib.ram_dual_memsplit(init_type="elf...
Compiling module xil_defaultlib.sfr
Compiling module xil_defaultlib.sigma_tile(mem_init_data="C:/Use...
Compiling module xil_defaultlib.uart_rx(RTX_EXTERNAL_OVERRIDE="Y...
Compiling module xil_defaultlib.uart_tx(RTX_EXTERNAL_OVERRIDE="Y...
Compiling module xil_defaultlib.udm_controller(BUS_TIMEOUT=10485...
Compiling module xil_defaultlib.udm(BUS_TIMEOUT=104857600,RTX_EX...
Compiling module xil_defaultlib.sigma(CPU="riscv_4stage",UDM_RTX...
Compiling module xil_defaultlib.riscv_tb
Compiling module xil_defaultlib.glbl
Built simulation snapshot riscv_tb_behav
run_program: Time (s): cpu = 00:00:00 ; elapsed = 00:00:07 . Memory (MB): peak = 938.285 ; gain = 0.000
INFO: [USF-XSim-69] 'elaborate' step finished in '7' seconds
INFO: [USF-XSim-4] XSim::Simulate design
INFO: [USF-XSim-61] Executing 'SIMULATE' step in 'C:/Users/admin/Desktop/activecore-master/designs/rtl/sigma/syn/syn_4stage/NEXYS4_DDR/NEXYS4_DDR.sim/sim_1/behav/xsim'
INFO: [USF-XSim-98] *** Running xsim
   with args "riscv_tb_behav -key {Behavioral:sim_1:Functional:riscv_tb} -tclbatch {riscv_tb.tcl} -log {simulate.log}"
INFO: [USF-XSim-8] Loading simulator feature
Vivado Simulator 2019.1
Time resolution is 1 ps
source riscv_tb.tcl
# set curr_wave [current_wave_config]
# if { [string length $curr_wave] == 0 } {
#   if { [llength [get_objects]] > 0} {
#     add_wave /
#     set_property needs_save false [current_wave_config]
#   } else {
#      send_msg_id Add_Wave-1 WARNING "No top level signals found. Simulator will start without a wave window. If you want to open a wave window go to 'File->New Waveform Configuration' or type 'create_wave_config' in the TCL console."
#   }
# }
WARNING: Simulation object /riscv_tb/udm was not traceable in the design for the following reason:
Vivado Simulator does not support tracing of System Verilog Dynamic Type object.
# run 1000ns
WARNING: Insufficient data from the input file for $fread

##################################
#### Loading elf file: C:/Users/admin/Desktop/activecore-master/designs/rtl/sigma/sw/apps/matrix_mul.riscv
e_machine: 0x000000f3 (   RISC-V)
e_phnum: 0x00000001
---- HEADER: 0 ----
p_type: 0x00000001
p_offset: 0x00000000
p_vaddr: 0x00000000
p_paddr: 0x00000000
p_filesz: 0x00000758
p_memsz: 0x00000758
p_flags: 0x00000007
p_align: 0x00001000
##################################

### SIMULATION STARTED ###
INFO: [USF-XSim-96] XSim completed. Design snapshot 'riscv_tb_behav' loaded.
INFO: [USF-XSim-97] XSim simulation ran for 1000ns
launch_simulation: Time (s): cpu = 00:00:07 ; elapsed = 00:00:15 . Memory (MB): peak = 938.285 ; gain = 0.000
run all
### TEST PROCEDURE FINISHED ###
$stop called at time : 512665 ns : File "C:/Users/admin/Desktop/activecore-master/designs/rtl/sigma/tb/riscv_tb.sv" Line 134
run: Time (s): cpu = 00:00:04 ; elapsed = 00:00:20 . Memory (MB): peak = 938.285 ; gain = 0.000
run all
run: Time (s): cpu = 00:00:08 ; elapsed = 00:00:18 . Memory (MB): peak = 938.285 ; gain = 0.000
run all
run: Time (s): cpu = 00:00:19 ; elapsed = 00:01:16 . Memory (MB): peak = 938.285 ; gain = 0.000
relaunch_sim
INFO: [Vivado 12-5698] Checking validity of IPs in the design for the 'XSim' simulator...
INFO: [Vivado 12-5682] Launching behavioral simulation in 'C:/Users/admin/Desktop/activecore-master/designs/rtl/sigma/syn/syn_4stage/NEXYS4_DDR/NEXYS4_DDR.sim/sim_1/behav/xsim'
INFO: [Vivado 12-4795] Using compiled simulation libraries for IPs
INFO: [SIM-utils-51] Simulation object is 'sim_1'
INFO: [USF-XSim-7] Finding pre-compiled libraries...
INFO: [USF-XSim-11] File 'D:/Vivado/2019.1/data/xsim/xsim.ini' copied to run dir:'C:/Users/admin/Desktop/activecore-master/designs/rtl/sigma/syn/syn_4stage/NEXYS4_DDR/NEXYS4_DDR.sim/sim_1/behav/xsim'
INFO: [SIM-utils-54] Inspecting design source files for 'riscv_tb' in fileset 'sim_1'...
WARNING: [SIM-utils-52] IP component XML file does not exist: 'c:/Users/admin/Desktop/activecore-master/designs/rtl/sigma/syn/syn_4stage/NEXYS4_DDR/NEXYS4_DDR.srcs/sources_1/ip/sys_clk/sys_clk.xml'
INFO: [USF-XSim-97] Finding global include files...
INFO: [USF-XSim-98] Fetching design files from 'sim_1'...
INFO: [USF-XSim-2] XSim::Compile design
INFO: [USF-XSim-61] Executing 'COMPILE and ANALYZE' step in 'C:/Users/admin/Desktop/activecore-master/designs/rtl/sigma/syn/syn_4stage/NEXYS4_DDR/NEXYS4_DDR.sim/sim_1/behav/xsim'
"xvlog --incr --relax -prj riscv_tb_vlog.prj"
INFO: [USF-XSim-69] 'compile' step finished in '1' seconds
INFO: [Vivado 12-5698] Checking validity of IPs in the design for the 'XSim' simulator...
INFO: [Vivado 12-5682] Launching behavioral simulation in 'C:/Users/admin/Desktop/activecore-master/designs/rtl/sigma/syn/syn_4stage/NEXYS4_DDR/NEXYS4_DDR.sim/sim_1/behav/xsim'
INFO: [Vivado 12-4795] Using compiled simulation libraries for IPs
INFO: [USF-XSim-3] XSim::Elaborate design
INFO: [USF-XSim-61] Executing 'ELABORATE' step in 'C:/Users/admin/Desktop/activecore-master/designs/rtl/sigma/syn/syn_4stage/NEXYS4_DDR/NEXYS4_DDR.sim/sim_1/behav/xsim'
"xelab -wto 783e97e2ccdd4ee09b45ca8a87a6dff8 --incr --debug typical --relax --mt 2 -L xil_defaultlib -L unisims_ver -L unimacro_ver -L secureip -L xpm --snapshot riscv_tb_behav xil_defaultlib.riscv_tb xil_defaultlib.glbl -log elaborate.log"
Vivado Simulator 2019.1
Copyright 1986-1999, 2001-2019 Xilinx, Inc. All Rights Reserved.
Running: D:/Vivado/2019.1/bin/unwrapped/win64.o/xelab.exe -wto 783e97e2ccdd4ee09b45ca8a87a6dff8 --incr --debug typical --relax --mt 2 -L xil_defaultlib -L unisims_ver -L unimacro_ver -L secureip -L xpm --snapshot riscv_tb_behav xil_defaultlib.riscv_tb xil_defaultlib.glbl -log elaborate.log 
Using 2 slave threads.
Starting static elaboration
WARNING: [VRFC 10-3091] actual bit length 36 differs from formal bit length 16 for port 'irq_debounced_bi' [C:/Users/admin/Desktop/activecore-master/designs/rtl/sigma/hw/sigma.sv:70]
WARNING: [VRFC 10-3091] actual bit length 36 differs from formal bit length 8 for port 'irq_fifo_genfifo_rdata_bi' [C:/Users/admin/Desktop/activecore-master/designs/rtl/sigma_tile/hw/sigma_tile.sv:345]
WARNING: [VRFC 10-526] concatenation with unsized literal; will interpret as 32 bits [C:/Users/admin/Desktop/activecore-master/designs/rtl/sigma/hw/sigma.sv:70]
WARNING: [VRFC 10-526] concatenation with unsized literal; will interpret as 32 bits [C:/Users/admin/Desktop/activecore-master/designs/rtl/sigma_tile/hw/sigma_tile.sv:345]
WARNING: [VRFC 10-696] first argument of $fatal is invalid, expecting 0, 1 or 2 [C:/Users/admin/Desktop/activecore-master/designs/rtl/ram/ram_dual.v:56]
WARNING: [VRFC 10-696] first argument of $fatal is invalid, expecting 0, 1 or 2 [C:/Users/admin/Desktop/activecore-master/designs/rtl/ram/ram_dual.v:62]
WARNING: [VRFC 10-696] first argument of $fatal is invalid, expecting 0, 1 or 2 [C:/Users/admin/Desktop/activecore-master/designs/rtl/ram/ram_dual.v:125]
Completed static elaboration
INFO: [XSIM 43-4323] No Change in HDL. Linking previously generated obj files to create kernel
INFO: [USF-XSim-69] 'elaborate' step finished in '2' seconds
Vivado Simulator 2019.1
Time resolution is 1 ps
WARNING: Insufficient data from the input file for $fread

##################################
#### Loading elf file: C:/Users/admin/Desktop/activecore-master/designs/rtl/sigma/sw/apps/matrix_mul.riscv
e_machine: 0x000000f3 (   RISC-V)
e_phnum: 0x00000001
---- HEADER: 0 ----
p_type: 0x00000001
p_offset: 0x00000000
p_vaddr: 0x00000000
p_paddr: 0x00000000
p_filesz: 0x00000758
p_memsz: 0x00000758
p_flags: 0x00000007
p_align: 0x00001000
##################################

### SIMULATION STARTED ###
relaunch_sim: Time (s): cpu = 00:00:03 ; elapsed = 00:00:09 . Memory (MB): peak = 938.285 ; gain = 0.000
run all
run: Time (s): cpu = 00:00:03 ; elapsed = 00:00:08 . Memory (MB): peak = 938.285 ; gain = 0.000
save_wave_config {C:/Users/admin/Desktop/activecore-master/designs/rtl/sigma/syn/syn_4stage/NEXYS4_DDR/riscv_tb_behav.wcfg}
add_files -fileset sim_1 -norecurse C:/Users/admin/Desktop/activecore-master/designs/rtl/sigma/syn/syn_4stage/NEXYS4_DDR/riscv_tb_behav.wcfg
set_property xsim.view C:/Users/admin/Desktop/activecore-master/designs/rtl/sigma/syn/syn_4stage/NEXYS4_DDR/riscv_tb_behav.wcfg [get_filesets sim_1]
close_sim
INFO: [Simtcl 6-16] Simulation closed
exit
INFO: [Common 17-206] Exiting Vivado at Sun Sep 25 18:40:56 2022...
