#-----------------------------------------------------------
# Vivado v2019.1 (64-bit)
# SW Build 2552052 on Fri May 24 14:49:42 MDT 2019
# IP Build 2548770 on Fri May 24 18:01:18 MDT 2019
# Start of session at: Thu Jun 22 20:31:19 2023
# Process ID: 1200
# Current directory: C:/Users/admin/Desktop/учёба/PiFU/activecore-master/designs/rtl/sigma/syn/syn_1stage/NEXYS4_DDR
# Command line: vivado.exe -gui_launcher_event rodinguilauncherevent14388 C:\Users\admin\Desktop\учёба\PiFU\activecore-master\designs\rtl\sigma\syn\syn_1stage\NEXYS4_DDR\NEXYS4_DDR.xpr
# Log file: C:/Users/admin/Desktop/учёба/PiFU/activecore-master/designs/rtl/sigma/syn/syn_1stage/NEXYS4_DDR/vivado.log
# Journal file: C:/Users/admin/Desktop/учёба/PiFU/activecore-master/designs/rtl/sigma/syn/syn_1stage/NEXYS4_DDR\vivado.jou
#-----------------------------------------------------------
start_gui
open_project C:/Users/admin/Desktop/учёба/PiFU/activecore-master/designs/rtl/sigma/syn/syn_1stage/NEXYS4_DDR/NEXYS4_DDR.xpr
INFO: [ProjectBase 1-489] The host OS only allows 260 characters in a normal path. The project is stored in a path with more than 80 characters. If you experience issues with IP, Block Designs, or files not being found, please consider moving the project to a location with a shorter path. Alternately consider using the OS subst command to map part of the path to a drive letter.
Current project path is 'C:/Users/admin/Desktop/учёба/PiFU/activecore-master/designs/rtl/sigma/syn/syn_1stage/NEXYS4_DDR'
INFO: [Project 1-313] Project file moved from 'C:/Users/admin/Desktop/activecore-master/designs/rtl/sigma/syn/syn_1stage/NEXYS4_DDR' since last save.
Scanning sources...
Finished scanning sources
INFO: [IP_Flow 19-234] Refreshing IP repositories
INFO: [IP_Flow 19-1704] No user IP repositories specified
INFO: [IP_Flow 19-2313] Loaded Vivado IP repository 'D:/Vivado/2019.1/data/ip'.
open_project: Time (s): cpu = 00:00:17 ; elapsed = 00:00:07 . Memory (MB): peak = 797.691 ; gain = 167.895
update_compile_order -fileset sources_1
exit
INFO: [Common 17-206] Exiting Vivado at Thu Jun 22 20:40:58 2023...
