Copyright 1986-2019 Xilinx, Inc. All Rights Reserved.
---------------------------------------------------------------------------------------
| Tool Version : Vivado v.2019.1 (win64) Build 2552052 Fri May 24 14:49:42 MDT 2019
| Date         : Sun Oct 16 13:42:32 2022
| Host         : DESKTOP-2FOCHV5 running 64-bit major release  (build 9200)
| Command      : report_control_sets -verbose -file NEXYS4_DDR_control_sets_placed.rpt
| Design       : NEXYS4_DDR
| Device       : xc7a100t
---------------------------------------------------------------------------------------

Control Set Information

Table of Contents
-----------------
1. Summary
2. Histogram
3. Flip-Flop Distribution
4. Detailed Control Set Information

1. Summary
----------

+----------------------------------------------------------+-------+
|                          Status                          | Count |
+----------------------------------------------------------+-------+
| Total control sets                                       |   366 |
|    Minimum number of control sets                        |    71 |
|    Addition due to synthesis replication                 |     0 |
|    Addition due to physical synthesis replication        |   295 |
| Unused register locations in slices containing registers |  1431 |
+----------------------------------------------------------+-------+
* Control sets can be merged at opt_design using control_set_merge or merge_equivalent_drivers
** Run report_qor_suggestions for automated merging and remapping suggestions


2. Histogram
------------

+--------------------+-------+
|       Fanout       | Count |
+--------------------+-------+
| Total control sets |   366 |
| >= 0 to < 4        |   151 |
| >= 4 to < 6        |    74 |
| >= 6 to < 8        |    38 |
| >= 8 to < 10       |    26 |
| >= 10 to < 12      |     8 |
| >= 12 to < 14      |     2 |
| >= 14 to < 16      |     4 |
| >= 16              |    63 |
+--------------------+-------+
* Control sets can be remapped at either synth_design or opt_design


3. Flip-Flop Distribution
-------------------------

+--------------+-----------------------+------------------------+-----------------+--------------+
| Clock Enable | Synchronous Set/Reset | Asynchronous Set/Reset | Total Registers | Total Slices |
+--------------+-----------------------+------------------------+-----------------+--------------+
| No           | No                    | No                     |             217 |           78 |
| No           | No                    | Yes                    |              18 |           12 |
| No           | Yes                   | No                     |            1144 |          382 |
| Yes          | No                    | No                     |            1001 |          677 |
| Yes          | No                    | Yes                    |             800 |          350 |
| Yes          | Yes                   | No                     |            1789 |          882 |
+--------------+-----------------------+------------------------+-----------------+--------------+


4. Detailed Control Set Information
-----------------------------------

+----------------------------+---------------------------------------------------------------------------------------+--------------------------------------------------------------------------------+------------------+----------------+
|        Clock Signal        |                                     Enable Signal                                     |                                Set/Reset Signal                                | Slice Load Count | Bel Load Count |
+----------------------------+---------------------------------------------------------------------------------------+--------------------------------------------------------------------------------+------------------+----------------+
|  sys_clk/inst/clk_out1     | sigma/sigma_tile/riscv/gensticky_genpsticky_glbl_regfile[18][31]_i_1_n_0              | sigma/sigma_tile/sfr/core_reset_o_reg_0_repN_1                                 |                1 |              1 |
|  sys_clk/inst/clk_out1     | sigma/sigma_tile/riscv/gensticky_genpsticky_glbl_regfile[18][31]_i_1_n_0              | sigma/sigma_tile/sfr/core_reset_o_reg_0_repN_5                                 |                1 |              1 |
|  sys_clk/inst/clk_out1     | sigma/udm/uart_tx/tx_o_i_1_n_0                                                        | sigma/reset_sync/Q[0]                                                          |                1 |              1 |
|  sys_clk/inst/clk_out1     | sigma/sigma_tile/riscv/gensticky_genpsticky_glbl_regfile[7][31]_i_1_n_0               | sigma/sigma_tile/sfr/core_reset_o_reg_0_repN_9                                 |                1 |              1 |
|  sys_clk/inst/clk_out1     | sigma/sigma_tile/riscv/gensticky_genpsticky_glbl_regfile[12][31]_i_1_n_0              | sigma/sigma_tile/sfr/core_reset_o_reg_0_repN_6                                 |                1 |              1 |
|  sys_clk/inst/clk_out1     | sigma/sigma_tile/riscv/gensticky_genpsticky_glbl_regfile[21][31]_i_1_n_0              | sigma/sigma_tile/sfr/core_reset_o_reg_0_repN_5                                 |                1 |              1 |
|  sys_clk/inst/clk_out1     | sigma/sigma_tile/riscv/gensticky_genpsticky_glbl_regfile[10][31]_i_1_n_0              | sigma/sigma_tile/sfr/core_reset_o_reg_0_repN_4                                 |                1 |              1 |
|  sys_clk/inst/clk_out1     | sigma/sigma_tile/riscv/gensticky_genpsticky_glbl_regfile[29][31]_i_1_n_0              | sigma/sigma_tile/sfr/core_reset_o_reg_0_repN_1                                 |                1 |              1 |
|  sys_clk/inst/clk_out1     | sigma/sigma_tile/riscv/gensticky_genpsticky_glbl_regfile[20][31]_i_1_n_0              | sigma/sigma_tile/sfr/core_reset_o_reg_0_repN_5                                 |                1 |              1 |
|  sys_clk/inst/clk_out1     | sigma/sigma_tile/riscv/gensticky_genpsticky_glbl_regfile[23][31]_i_1_n_0              | sigma/sigma_tile/sfr/core_reset_o_reg_0_repN_5                                 |                1 |              1 |
|  sys_clk/inst/clk_out1     | sigma/sigma_tile/riscv/gensticky_genpsticky_glbl_regfile[28][31]_i_1_n_0              | sigma/sigma_tile/sfr/core_reset_o_reg_0_repN                                   |                1 |              1 |
|  sys_clk/inst/clk_out1     | sigma/sigma_tile/riscv/gensticky_genpsticky_glbl_regfile[23][31]_i_1_n_0              | sigma/sigma_tile/sfr/core_reset_o_reg_0_repN                                   |                1 |              1 |
|  sys_clk/inst/clk_out1     | sigma/sigma_tile/riscv/gensticky_genpsticky_glbl_regfile[25][31]_i_1_n_0              | sigma/sigma_tile/sfr/core_reset_o_reg_0_repN_5                                 |                1 |              1 |
|  sys_clk/inst/clk_out1     | sigma/sigma_tile/riscv/gensticky_genpsticky_glbl_regfile[10][31]_i_1_n_0              | sigma/sigma_tile/sfr/core_reset_o_reg_0_repN                                   |                1 |              1 |
|  sys_clk/inst/clk_out1     | sigma/sigma_tile/riscv/gensticky_genpsticky_glbl_regfile[25][31]_i_1_n_0              | sigma/sigma_tile/sfr/core_reset_o_reg_0_repN_2                                 |                1 |              1 |
|  sys_clk/inst/clk_out1     | sigma/sigma_tile/riscv/gensticky_genpsticky_glbl_regfile[7][31]_i_1_n_0               | sigma/sigma_tile/sfr/core_reset_o_reg_0_repN                                   |                1 |              1 |
|  sys_clk/inst/clk_out1     | sigma/sigma_tile/riscv/gensticky_genpsticky_glbl_regfile[5][31]_i_1_n_0               | sigma/sigma_tile/sfr/core_reset_o_reg_0_repN_8                                 |                1 |              1 |
|  sys_clk/inst/clk_out1     | sigma/sigma_tile/riscv/gensticky_genpsticky_glbl_regfile[5][31]_i_1_n_0               | sigma/sigma_tile/sfr/core_reset_o_reg_0_repN_9                                 |                1 |              1 |
|  sys_clk/inst/clk_out1     | sigma/sigma_tile/riscv/gensticky_genpsticky_glbl_regfile[8][31]_i_1_n_0               | sigma/sigma_tile/sfr/core_reset_o_reg_0_repN_4                                 |                1 |              1 |
|  sys_clk/inst/clk_out1     | sigma/sigma_tile/riscv/gensticky_genpsticky_glbl_regfile[15][31]_i_1_n_0              | sigma/sigma_tile/sfr/core_reset_o_reg_0_repN_6                                 |                1 |              1 |
|  sys_clk/inst/clk_out1     | sigma/sigma_tile/riscv/gensticky_genpsticky_glbl_regfile[9][31]_i_1_n_0               | sigma/sigma_tile/sfr/core_reset_o_reg_0_repN_4                                 |                1 |              1 |
|  sys_clk/inst/clk_out1     | sigma/sigma_tile/riscv/gensticky_genpsticky_glbl_regfile[29][31]_i_1_n_0              | sigma/sigma_tile/sfr/core_reset_o_reg_0_repN_5                                 |                1 |              1 |
|  sys_clk/inst/clk_out1     | sigma/sigma_tile/riscv/gensticky_genpsticky_glbl_regfile[17][31]_i_1_n_0              | sigma/sigma_tile/sfr/core_reset_o_reg_0_repN_5                                 |                1 |              1 |
|  sys_clk/inst/clk_out1     | sigma/sigma_tile/riscv/gensticky_genpsticky_glbl_regfile[9][31]_i_1_n_0               | sigma/sigma_tile/sfr/core_reset_o_reg_0_repN                                   |                1 |              1 |
|  sys_clk/inst/clk_out1     | sigma/sigma_tile/riscv/gensticky_genpsticky_glbl_regfile[28][31]_i_1_n_0              | sigma/sigma_tile/sfr/core_reset_o_reg_0_repN_5                                 |                1 |              1 |
|  sys_clk/inst/clk_out1     | sigma/sigma_tile/riscv/gensticky_genpsticky_glbl_regfile[17][31]_i_1_n_0              | sigma/sigma_tile/sfr/core_reset_o_reg_0_repN                                   |                1 |              1 |
|  sys_clk/inst/clk_out1     | sigma/sigma_tile/riscv/gensticky_genpsticky_glbl_regfile[27][31]_i_1_n_0              | sigma/sigma_tile/sfr/core_reset_o_reg_0_repN                                   |                1 |              1 |
|  sys_clk/inst/clk_out1     | sigma/sigma_tile/riscv/gensticky_genpsticky_glbl_regfile[27][31]_i_1_n_0              | sigma/sigma_tile/sfr/core_reset_o_reg_0_repN_5                                 |                1 |              1 |
|  sys_clk/inst/clk_out1     | sigma/sigma_tile/riscv/gensticky_genpsticky_glbl_regfile[6][31]_i_1_n_0               | sigma/sigma_tile/sfr/core_reset_o_reg_0_repN_8                                 |                1 |              1 |
|  sys_clk/inst/clk_out1     | sigma/sigma_tile/riscv/gensticky_genpsticky_glbl_regfile[22][31]_i_1_n_0              | sigma/sigma_tile/sfr/core_reset_o_reg_0_repN_5                                 |                1 |              1 |
|  sys_clk/inst/clk_out1     | sigma/sigma_tile/riscv/gensticky_genpsticky_glbl_regfile[28][31]_i_1_n_0              | sigma/sigma_tile/sfr/core_reset_o_reg_0_repN_1                                 |                1 |              1 |
|  sys_clk/inst/clk_out1     | sigma/sigma_tile/riscv/gensticky_genpsticky_glbl_regfile[6][31]_i_1_n_0               | sigma/sigma_tile/sfr/core_reset_o_reg_0_repN_4                                 |                1 |              1 |
|  sys_clk/inst/clk_out1     | sigma/sigma_tile/riscv/gensticky_genpsticky_glbl_regfile[22][31]_i_1_n_0              | sigma/sigma_tile/sfr/core_reset_o_reg_0_repN_1                                 |                1 |              1 |
|  sys_clk/inst/clk_out1     | sigma/sigma_tile/riscv/gensticky_genpsticky_glbl_regfile[26][31]_i_1_n_0              | sigma/sigma_tile/sfr/core_reset_o_reg_0_repN_2                                 |                1 |              1 |
|  sys_clk/inst/clk_out1     | sigma/sigma_tile/riscv/gensticky_genpsticky_glbl_regfile[6][31]_i_1_n_0               | sigma/sigma_tile/sfr/core_reset_o_reg_0_repN                                   |                1 |              1 |
|  sys_clk/inst/clk_out1     | sigma/sigma_tile/riscv/gensticky_genpsticky_glbl_regfile[19][31]_i_1_n_0              | sigma/sigma_tile/sfr/core_reset_o_reg_0_repN_5                                 |                1 |              1 |
|  sys_clk/inst/clk_out1     | sigma/sigma_tile/riscv/genpsticky_glbl_regfile                                        | sigma/sigma_tile/sfr/core_reset_o_reg_0_repN_2                                 |                1 |              1 |
|  sys_clk/inst/clk_out1     | sigma/sigma_tile/riscv/gensticky_genpsticky_glbl_regfile[26][31]_i_1_n_0              | sigma/sigma_tile/sfr/core_reset_o_reg_0_repN_5                                 |                1 |              1 |
|  sys_clk/inst/clk_out1     | sigma/sigma_tile/riscv/gensticky_genpsticky_glbl_regfile[22][31]_i_1_n_0              | sigma/sigma_tile/sfr/core_reset_o_reg_0_repN_2                                 |                1 |              1 |
|  sys_clk/inst/clk_out1     | sigma/sigma_tile/riscv/gensticky_genpsticky_glbl_regfile[24][31]_i_1_n_0              | sigma/sigma_tile/sfr/core_reset_o_reg_0_repN_2                                 |                1 |              1 |
|  sys_clk/inst/clk_out1     | sigma/sigma_tile/riscv/genpsticky_glbl_regfile                                        | sigma/sigma_tile/sfr/core_reset_o_reg_0_repN_5                                 |                1 |              1 |
|  sys_clk/inst/clk_out1     | sigma/sigma_tile/riscv/gensticky_genpsticky_glbl_regfile[24][31]_i_1_n_0              | sigma/sigma_tile/sfr/core_reset_o_reg_0_repN_5                                 |                1 |              1 |
|  sys_clk/inst/clk_out1     | sigma/sigma_tile/riscv/gensticky_genpsticky_glbl_regfile[4][31]_i_1_n_0               | sigma/sigma_tile/sfr/core_reset_o_reg_0_repN_4                                 |                1 |              1 |
|  sys_clk/inst/clk_out1     | sigma/sigma_tile/riscv/gensticky_genpsticky_glbl_regfile[2][31]_i_1_n_0               | sigma/sigma_tile/sfr/core_reset_o_reg_0_repN                                   |                1 |              1 |
|  sys_clk/inst/clk_out1     | sigma/sigma_tile/riscv/gensticky_genpsticky_glbl_regfile[20][31]_i_1_n_0              | sigma/sigma_tile/sfr/core_reset_o_reg_0_repN_2                                 |                1 |              1 |
|  sys_clk/inst/clk_out1     | sigma/sigma_tile/riscv/gensticky_genpsticky_glbl_regfile[16][31]_i_1_n_0              | sigma/sigma_tile/sfr/core_reset_o_reg_0_repN                                   |                1 |              1 |
|  sys_clk/inst/clk_out1     | sigma/sigma_tile/riscv/gensticky_genpsticky_glbl_regfile[29][31]_i_1_n_0              | sigma/sigma_tile/sfr/core_reset_o_reg_0_repN                                   |                1 |              1 |
|  sys_clk/inst/clk_out1     | sigma/sigma_tile/riscv/gensticky_genpsticky_glbl_regfile[14][31]_i_1_n_0              | sigma/sigma_tile/sfr/core_reset_o_reg_0_repN_4                                 |                1 |              1 |
|  sys_clk/inst/clk_out1     | sigma/sigma_tile/riscv/gensticky_genpsticky_glbl_regfile[19][31]_i_1_n_0              | sigma/sigma_tile/sfr/core_reset_o_reg_0_repN                                   |                1 |              1 |
|  sys_clk/inst/clk_out1     | sigma/sigma_tile/riscv/gensticky_genpsticky_glbl_regfile[3][31]_i_1_n_0               | sigma/sigma_tile/sfr/core_reset_o_reg_0_repN                                   |                1 |              1 |
|  sys_clk/inst/clk_out1     | sigma/sigma_tile/riscv/gensticky_genpsticky_glbl_regfile[30][31]_i_1_n_0              | sigma/sigma_tile/sfr/core_reset_o_reg_0_repN_5                                 |                1 |              1 |
|  sys_clk/inst/clk_out1     | sigma/sigma_tile/riscv/gensticky_genpsticky_glbl_regfile[30][31]_i_1_n_0              | sigma/sigma_tile/sfr/core_reset_o_reg_0_repN                                   |                1 |              1 |
|  sys_clk/inst/clk_out1     | sigma/sigma_tile/riscv/gensticky_genpsticky_glbl_regfile[18][31]_i_1_n_0              | sigma/sigma_tile/sfr/core_reset_o_reg_0_repN                                   |                1 |              1 |
|  sys_clk/inst/clk_out1     | sigma/sigma_tile/riscv/gensticky_genpsticky_glbl_regfile[21][31]_i_1_n_0              | sigma/sigma_tile/sfr/core_reset_o_reg_0_repN                                   |                1 |              1 |
|  sys_clk/inst/clk_out1     | sigma/sigma_tile/riscv/gensticky_genpsticky_glbl_regfile[11][31]_i_1_n_0              | sigma/sigma_tile/sfr/core_reset_o_reg_0_repN_4                                 |                1 |              2 |
|  sys_clk/inst/clk_out1     | sigma/sigma_tile/riscv/gensticky_genpsticky_glbl_regfile[7][31]_i_1_n_0               | sigma/sigma_tile/sfr/core_reset_o_reg_0_repN_5                                 |                1 |              2 |
|  sys_clk/inst/clk_out1     | sigma/sigma_tile/riscv/gensticky_genpsticky_glbl_regfile[12][31]_i_1_n_0              | sigma/sigma_tile/sfr/core_reset_o_reg_0_repN_2                                 |                1 |              2 |
|  sys_clk/inst/clk_out1     | sigma/sigma_tile/riscv/gensticky_genpsticky_glbl_regfile[25][31]_i_1_n_0              | sigma/sigma_tile/sfr/core_reset_o_reg_0_repN_9                                 |                2 |              2 |
|  sys_clk/inst/clk_out1     | sigma/sigma_tile/riscv/gensticky_genpsticky_glbl_regfile[16][31]_i_1_n_0              | sigma/sigma_tile/sfr/core_reset_o_reg_0_repN_6                                 |                2 |              2 |
|  sys_clk/inst/clk_out1     | sigma/sigma_tile/riscv/gensticky_genpsticky_glbl_regfile[7][31]_i_1_n_0               | sigma/sigma_tile/sfr/core_reset_o_reg_0_repN_4                                 |                2 |              2 |
|  sys_clk/inst/clk_out1     | sigma/sigma_tile/riscv/gensticky_genpsticky_glbl_regfile[17][31]_i_1_n_0              | sigma/sigma_tile/sfr/core_reset_o_reg_0_repN_10                                |                2 |              2 |
|  sys_clk/inst/clk_out1     | sigma/sigma_tile/riscv/gensticky_genpsticky_glbl_regfile[5][31]_i_1_n_0               | sigma/sigma_tile/sfr/core_reset_o_reg_0_repN_4                                 |                1 |              2 |
|  sys_clk/inst/clk_out1     | sigma/sigma_tile/riscv/gensticky_genpsticky_glbl_regfile[17][31]_i_1_n_0              | sigma/sigma_tile/sfr/core_reset_o_reg_0_repN_1                                 |                2 |              2 |
|  sys_clk/inst/clk_out1     | sigma/sigma_tile/riscv/gensticky_genpsticky_glbl_regfile[9][31]_i_1_n_0               | sigma/sigma_tile/sfr/core_reset_o_reg_0_repN_2                                 |                1 |              2 |
|  sys_clk/inst/clk_out1     | sigma/sigma_tile/riscv/gensticky_genpsticky_glbl_regfile[17][31]_i_1_n_0              | sigma/sigma_tile/sfr/core_reset_o_reg_0_repN_2                                 |                1 |              2 |
|  sys_clk/inst/clk_out1     | sigma/sigma_tile/riscv/gensticky_genpsticky_glbl_regfile[6][31]_i_1_n_0               | sigma/sigma_tile/sfr/core_reset_o_reg_0_repN_9                                 |                1 |              2 |
|  sys_clk/inst/clk_out1     | sigma/sigma_tile/riscv/gensticky_genpsticky_glbl_regfile[6][31]_i_1_n_0               | sigma/sigma_tile/sfr/core_reset_o_reg_0_repN_5                                 |                1 |              2 |
|  sys_clk/inst/clk_out1     | sigma/sigma_tile/riscv/gensticky_genpsticky_glbl_regfile[23][31]_i_1_n_0              | sigma/sigma_tile/sfr/core_reset_o_reg_0_repN_2                                 |                2 |              2 |
|  sys_clk/inst/clk_out1     | sigma/sigma_tile/riscv/gensticky_genpsticky_glbl_regfile[13][31]_i_1_n_0              | sigma/sigma_tile/sfr/core_reset_o_reg_0_repN_6                                 |                1 |              2 |
|  sys_clk/inst/clk_out1     | sigma/sigma_tile/riscv/gensticky_genpsticky_glbl_regfile[4][31]_i_1_n_0               | sigma/sigma_tile/sfr/core_reset_o_reg_0_repN_9                                 |                2 |              2 |
|  sys_clk/inst/clk_out1     | sigma/sigma_tile/riscv/genpsticky_glbl_regfile                                        | sigma/sigma_tile/sfr/core_reset_o_reg_0_repN                                   |                2 |              2 |
|  sys_clk/inst/clk_out1     | sigma/sigma_tile/riscv/gensticky_genpsticky_glbl_regfile[28][31]_i_1_n_0              | sigma/sigma_tile/sfr/core_reset_o_reg_0_repN_2                                 |                1 |              2 |
|  sys_clk/inst/clk_out1     | sigma/sigma_tile/riscv/gensticky_genpsticky_glbl_regfile[4][31]_i_1_n_0               | sigma/sigma_tile/sfr/core_reset_o_reg_0_repN_5                                 |                1 |              2 |
|  sys_clk/inst/clk_out1     | sigma/sigma_tile/riscv/genpsticky_glbl_regfile                                        | sigma/sigma_tile/sfr/core_reset_o_reg_0_repN_9                                 |                2 |              2 |
|  sys_clk/inst/clk_out1     | sigma/sigma_tile/riscv/gensticky_genpsticky_glbl_regfile[3][31]_i_1_n_0               | sigma/sigma_tile/sfr/core_reset_o_reg_0_repN_4                                 |                1 |              2 |
|  sys_clk/inst/clk_out1     | sigma/sigma_tile/riscv/gensticky_genpsticky_glbl_regfile[13][31]_i_1_n_0              | sigma/sigma_tile/sfr/core_reset_o_reg_0_repN_2                                 |                1 |              2 |
|  sys_clk/inst/clk_out1     | sigma/sigma_tile/riscv/gensticky_genpsticky_glbl_regfile[16][31]_i_1_n_0              | sigma/sigma_tile/sfr/core_reset_o_reg_0_repN_7                                 |                2 |              2 |
|  sys_clk/inst/clk_out1     | sigma/sigma_tile/riscv/gensticky_genpstage_EXEC_TRX_BUF[0][curinstr_addr][31]_i_1_n_0 | sigma/sigma_tile/sfr/core_reset_o_reg_0_repN_3                                 |                1 |              2 |
|  sys_clk/inst/clk_out1     | sigma/sigma_tile/riscv/gensticky_genpsticky_glbl_regfile[20][31]_i_1_n_0              | sigma/sigma_tile/sfr/core_reset_o_reg_0_repN                                   |                1 |              2 |
|  sys_clk/inst/clk_out1     | sigma/sigma_tile/riscv/gensticky_genpsticky_glbl_regfile[23][31]_i_1_n_0              | sigma/sigma_tile/sfr/core_reset_o_reg_0_repN_9                                 |                1 |              2 |
|  sys_clk/inst/clk_out1     | sigma/sigma_tile/riscv/gensticky_genpsticky_glbl_regfile[23][31]_i_1_n_0              | sigma/sigma_tile/sfr/core_reset_o_reg_0_repN_7                                 |                2 |              2 |
|  sys_clk/inst/clk_out1     | sigma/sigma_tile/riscv/gensticky_genpsticky_glbl_regfile[10][31]_i_1_n_0              | sigma/sigma_tile/sfr/core_reset_o_reg_0_repN_2                                 |                1 |              2 |
|  sys_clk/inst/clk_out1     | sigma/sigma_tile/riscv/gensticky_genpsticky_glbl_regfile[26][31]_i_1_n_0              | sigma/sigma_tile/sfr/core_reset_o_reg_0_repN                                   |                1 |              2 |
|  sys_clk/inst/clk_out1     | sigma/sigma_tile/riscv/gensticky_genpsticky_glbl_regfile[1][31]_i_1_n_0               | sigma/sigma_tile/sfr/core_reset_o_reg_0_repN_5                                 |                1 |              2 |
|  sys_clk/inst/clk_out1     | sigma/sigma_tile/riscv/gensticky_genpsticky_glbl_regfile[24][31]_i_1_n_0              | sigma/sigma_tile/sfr/core_reset_o_reg_0_repN                                   |                2 |              2 |
|  sys_clk/inst/clk_out1     | sigma/sigma_tile/riscv/gensticky_genpsticky_glbl_regfile[27][31]_i_1_n_0              | sigma/sigma_tile/sfr/core_reset_o_reg_0_repN_2                                 |                2 |              2 |
|  sys_clk/inst/clk_out1     | sigma/sigma_tile/riscv/gensticky_genpsticky_glbl_regfile[16][31]_i_1_n_0              | sigma/sigma_tile/sfr/core_reset_o_reg_0_repN_5                                 |                1 |              2 |
|  sys_clk/inst/clk_out1     | sigma/sigma_tile/riscv/gensticky_genpsticky_glbl_regfile[29][31]_i_1_n_0              | sigma/sigma_tile/sfr/core_reset_o_reg_0_repN_2                                 |                2 |              2 |
|  sys_clk/inst/clk_out1     | sigma/sigma_tile/riscv/gensticky_genpsticky_glbl_regfile[26][31]_i_1_n_0              | sigma/sigma_tile/sfr/core_reset_o_reg_0_repN_10                                |                2 |              2 |
|  sys_clk/inst/clk_out1     | sigma/sigma_tile/riscv/gensticky_genpsticky_glbl_regfile[24][31]_i_1_n_0              | sigma/sigma_tile/sfr/core_reset_o_reg_0_repN_1                                 |                1 |              2 |
|  sys_clk/inst/clk_out1     | sigma/sigma_tile/riscv/gensticky_genpsticky_glbl_regfile[11][31]_i_1_n_0              | sigma/sigma_tile/sfr/core_reset_o_reg_0_repN_2                                 |                1 |              2 |
|  sys_clk/inst/clk_out1     | sigma/sigma_tile/riscv/gensticky_genpsticky_glbl_regfile[1][31]_i_1_n_0               | sigma/sigma_tile/sfr/core_reset_o_reg_0_repN_4                                 |                2 |              2 |
|  sys_clk/inst/clk_out1     | sigma/sigma_tile/riscv/gensticky_genpsticky_glbl_regfile[2][31]_i_1_n_0               | sigma/sigma_tile/sfr/core_reset_o_reg_0_repN_4                                 |                1 |              2 |
|  sys_clk/inst/clk_out1     | sigma/sigma_tile/riscv/gensticky_genpsticky_glbl_regfile[22][31]_i_1_n_0              | sigma/sigma_tile/sfr/core_reset_o_reg_0_repN_6                                 |                1 |              2 |
|  sys_clk/inst/clk_out1     | sigma/sigma_tile/riscv/gensticky_genpsticky_glbl_regfile[16][31]_i_1_n_0              | sigma/sigma_tile/sfr/core_reset_o_reg_0_repN_2                                 |                2 |              2 |
|  sys_clk/inst/clk_out1     | sigma/sigma_tile/riscv/gensticky_genpsticky_glbl_regfile[19][31]_i_1_n_0              | sigma/sigma_tile/sfr/core_reset_o_reg_0_repN_7                                 |                2 |              2 |
|  sys_clk/inst/clk_out1     | sigma/sigma_tile/riscv/gensticky_genpsticky_glbl_regfile[25][31]_i_1_n_0              | sigma/sigma_tile/sfr/core_reset_o_reg_0_repN                                   |                1 |              2 |
|  sys_clk/inst/clk_out1     | sigma/sigma_tile/riscv/gensticky_genpsticky_glbl_regfile[10][31]_i_1_n_0              | sigma/sigma_tile/sfr/core_reset_o_reg_0_repN_5                                 |                1 |              2 |
|  sys_clk/inst/clk_out1     | sigma/sigma_tile/riscv/gensticky_genpsticky_glbl_regfile[14][31]_i_1_n_0              | sigma/sigma_tile/sfr/core_reset_o_reg_0_repN_2                                 |                1 |              2 |
|  sys_clk/inst/clk_out1     | sigma/sigma_tile/riscv/gensticky_genpsticky_glbl_regfile[21][31]_i_1_n_0              | sigma/sigma_tile/sfr/core_reset_o_reg_0_repN_2                                 |                1 |              2 |
|  sys_clk/inst/clk_out1     | sigma/sigma_tile/riscv/gensticky_genpsticky_glbl_regfile[28][31]_i_1_n_0              | sigma/sigma_tile/sfr/core_reset_o_reg_0_repN_7                                 |                2 |              2 |
|  sys_clk/inst/clk_out1     | sigma/sigma_tile/riscv/gensticky_genpsticky_glbl_regfile[14][31]_i_1_n_0              | sigma/sigma_tile/sfr/core_reset_o_reg_0_repN_6                                 |                1 |              2 |
|  sys_clk/inst/clk_out1     | sigma/sigma_tile/riscv/gensticky_genpsticky_glbl_regfile[19][31]_i_1_n_0              | sigma/sigma_tile/sfr/core_reset_o_reg_0_repN_2                                 |                2 |              2 |
|  sys_clk/inst/clk_out1     | sigma/sigma_tile/riscv/gensticky_genpsticky_glbl_regfile[27][31]_i_1_n_0              | sigma/sigma_tile/sfr/core_reset_o_reg_0_repN_9                                 |                2 |              2 |
|  sys_clk/inst/clk_out1     | sigma/sigma_tile/riscv/gensticky_genpsticky_glbl_regfile[27][31]_i_1_n_0              | sigma/sigma_tile/sfr/core_reset_o_reg_0_repN_10                                |                2 |              2 |
|  sys_clk/inst/clk_out1     | sigma/sigma_tile/riscv/gensticky_genpsticky_glbl_regfile[30][31]_i_1_n_0              | sigma/sigma_tile/sfr/core_reset_o_reg_0_repN_2                                 |                2 |              2 |
|  sys_clk/inst/clk_out1     | sigma/sigma_tile/riscv/gensticky_genpsticky_glbl_regfile[18][31]_i_1_n_0              | sigma/sigma_tile/sfr/core_reset_o_reg_0_repN_2                                 |                2 |              2 |
|  sys_clk/inst/clk_out1     | sigma/sigma_tile/riscv/gensticky_genpsticky_glbl_regfile[15][31]_i_1_n_0              | sigma/sigma_tile/sfr/core_reset_o_reg_0_repN_5                                 |                1 |              2 |
|  sys_clk/inst/clk_out1     | sigma/sigma_tile/riscv/gensticky_genpsticky_glbl_regfile[23][31]_i_1_n_0              | sigma/sigma_tile/sfr/core_reset_o_reg_0_repN_1                                 |                1 |              2 |
|  sys_clk/inst/clk_out1     | sigma/sigma_tile/riscv/gensticky_genpsticky_glbl_regfile[22][31]_i_1_n_0              | sigma/sigma_tile/sfr/core_reset_o_reg_0_repN                                   |                1 |              2 |
|  sys_clk/inst/clk_out1     | sigma/sigma_tile/riscv/gensticky_genpsticky_glbl_regfile[5][31]_i_1_n_0               | sigma/sigma_tile/sfr/core_reset_o_reg_0_repN_5                                 |                2 |              3 |
|  sys_clk/inst/clk_out1     | sigma/sigma_tile/riscv/gensticky_genpsticky_glbl_regfile[25][31]_i_1_n_0              | sigma/sigma_tile/sfr/core_reset_o_reg_0_repN_10                                |                3 |              3 |
|  sys_clk/inst/clk_out1     | sigma/sigma_tile/riscv/gensticky_genpsticky_glbl_regfile[25][31]_i_1_n_0              | sigma/sigma_tile/sfr/core_reset_o_reg_0_repN_7                                 |                1 |              3 |
|  sys_clk/inst/clk_out1     | sigma/sigma_tile/riscv/gensticky_genpsticky_glbl_regfile[17][31]_i_1_n_0              | sigma/sigma_tile/sfr/core_reset_o_reg_0_repN_6                                 |                2 |              3 |
|  sys_clk/inst/clk_out1     | sigma/sigma_tile/riscv/genpsticky_glbl_regfile                                        | sigma/sigma_tile/sfr/core_reset_o_reg_0_repN_1                                 |                2 |              3 |
|  sys_clk/inst/clk_out1     | sigma/sigma_tile/riscv/genpsticky_glbl_regfile                                        | sigma/sigma_tile/sfr/core_reset_o_reg_0_repN_4                                 |                3 |              3 |
|  sys_clk/inst/clk_out1     | sigma/sigma_tile/riscv/genpsticky_glbl_regfile                                        | sigma/sigma_tile/sfr/core_reset_o_reg_0_repN_10                                |                2 |              3 |
|  sys_clk/inst/clk_out1     | sigma/sigma_tile/riscv/gensticky_genpstage_MEMWB_TRX_BUF[0][mem_cmd][0]_i_1_n_0       | sigma/sigma_tile/sfr/core_reset_o_reg_0                                        |                2 |              3 |
|  sys_clk/inst/clk_out1     | sigma/sigma_tile/riscv/gensticky_genpsticky_glbl_regfile[24][31]_i_1_n_0              | sigma/sigma_tile/sfr/core_reset_o_reg_0_repN_9                                 |                3 |              3 |
|  sys_clk/inst/clk_out1     | sigma/sigma_tile/riscv/gensticky_genpsticky_glbl_regfile[10][31]_i_1_n_0              | sigma/sigma_tile/sfr/core_reset_o_reg_0_repN_6                                 |                1 |              3 |
|  sys_clk/inst/clk_out1     | sigma/sigma_tile/riscv/gensticky_genpsticky_glbl_regfile[11][31]_i_1_n_0              | sigma/sigma_tile/sfr/core_reset_o_reg_0_repN_5                                 |                2 |              3 |
|  sys_clk/inst/clk_out1     | sigma/sigma_tile/riscv/gensticky_genpsticky_glbl_regfile[11][31]_i_1_n_0              | sigma/sigma_tile/sfr/core_reset_o_reg_0_repN_6                                 |                1 |              3 |
|  sys_clk/inst/clk_out1     | sigma/sigma_tile/riscv/gensticky_genpsticky_glbl_regfile[11][31]_i_1_n_0              | sigma/sigma_tile/sfr/core_reset_o_reg_0_repN_9                                 |                1 |              3 |
|  sys_clk/inst/clk_out1     | sigma/sigma_tile/riscv/gensticky_genpsticky_glbl_regfile[11][31]_i_1_n_0              | sigma/sigma_tile/sfr/core_reset_o_reg_0_repN_8                                 |                2 |              3 |
|  sys_clk/inst/clk_out1     | sigma/sigma_tile/riscv/gensticky_genpsticky_glbl_regfile[27][31]_i_1_n_0              | sigma/sigma_tile/sfr/core_reset_o_reg_0_repN_7                                 |                2 |              3 |
|  sys_clk/inst/clk_out1     | sigma/sigma_tile/riscv/gensticky_genpsticky_glbl_regfile[26][31]_i_1_n_0              | sigma/sigma_tile/sfr/core_reset_o_reg_0_repN_9                                 |                2 |              3 |
|  sys_clk/inst/clk_out1     | sigma/sigma_tile/riscv/gensticky_genpsticky_glbl_regfile[2][31]_i_1_n_0               | sigma/sigma_tile/sfr/core_reset_o_reg_0_repN_10                                |                1 |              3 |
|  sys_clk/inst/clk_out1     | sigma/sigma_tile/riscv/gensticky_genpsticky_glbl_regfile[18][31]_i_1_n_0              | sigma/sigma_tile/sfr/core_reset_o_reg_0_repN_6                                 |                3 |              3 |
|  sys_clk/inst/clk_out1     | sigma/sigma_tile/riscv/gensticky_genpsticky_glbl_regfile[18][31]_i_1_n_0              | sigma/sigma_tile/sfr/core_reset_o_reg_0_repN_7                                 |                3 |              3 |
|  sys_clk/inst/clk_out1     | sigma/sigma_tile/riscv/gensticky_genpsticky_glbl_regfile[18][31]_i_1_n_0              | sigma/sigma_tile/sfr/core_reset_o_reg_0_repN_9                                 |                2 |              3 |
|  sys_clk/inst/clk_out1     | sigma/sigma_tile/riscv/gensticky_genpsticky_glbl_regfile[18][31]_i_1_n_0              | sigma/sigma_tile/sfr/core_reset_o_reg_0_repN_10                                |                3 |              3 |
|  sys_clk/inst/clk_out1     | sigma/sigma_tile/riscv/gensticky_genpsticky_glbl_regfile[29][31]_i_1_n_0              | sigma/sigma_tile/sfr/core_reset_o_reg_0_repN_7                                 |                2 |              3 |
|  sys_clk/inst/clk_out1     | sigma/sigma_tile/riscv/gensticky_genpsticky_glbl_regfile[29][31]_i_1_n_0              | sigma/sigma_tile/sfr/core_reset_o_reg_0_repN_8                                 |                3 |              3 |
|  sys_clk/inst/clk_out1     | sigma/sigma_tile/riscv/gensticky_genpsticky_glbl_regfile[28][31]_i_1_n_0              | sigma/sigma_tile/sfr/core_reset_o_reg_0_repN_9                                 |                1 |              3 |
|  sys_clk/inst/clk_out1     | sigma/sigma_tile/riscv/gensticky_genpsticky_glbl_regfile[28][31]_i_1_n_0              | sigma/sigma_tile/sfr/core_reset_o_reg_0_repN_8                                 |                3 |              3 |
|  sys_clk/inst/clk_out1     | sigma/sigma_tile/riscv/gensticky_genpsticky_glbl_regfile[21][31]_i_1_n_0              | sigma/sigma_tile/sfr/core_reset_o_reg_0_repN_1                                 |                1 |              3 |
|  sys_clk/inst/clk_out1     | sigma/sigma_tile/riscv/gensticky_genpsticky_glbl_regfile[21][31]_i_1_n_0              | sigma/sigma_tile/sfr/core_reset_o_reg_0_repN_6                                 |                2 |              3 |
|  sys_clk/inst/clk_out1     | sigma/sigma_tile/riscv/gensticky_genpsticky_glbl_regfile[21][31]_i_1_n_0              | sigma/sigma_tile/sfr/core_reset_o_reg_0_repN_7                                 |                1 |              3 |
|  sys_clk/inst/clk_out1     | sigma/sigma_tile/riscv/gensticky_genpsticky_glbl_regfile[30][31]_i_1_n_0              | sigma/sigma_tile/sfr/core_reset_o_reg_0_repN_6                                 |                2 |              3 |
|  sys_clk/inst/clk_out1     | sigma/sigma_tile/riscv/gensticky_genpsticky_glbl_regfile[30][31]_i_1_n_0              | sigma/sigma_tile/sfr/core_reset_o_reg_0_repN_9                                 |                2 |              3 |
|  sys_clk/inst/clk_out1     | sigma/sigma_tile/riscv/gensticky_genpsticky_glbl_regfile[19][31]_i_1_n_0              | sigma/sigma_tile/sfr/core_reset_o_reg_0_repN_9                                 |                2 |              3 |
|  sys_clk/inst/clk_out1     | sigma/sigma_tile/riscv/gensticky_genpsticky_glbl_regfile[1][31]_i_1_n_0               | sigma/sigma_tile/sfr/core_reset_o_reg_0_repN_6                                 |                3 |              3 |
|  sys_clk/inst/clk_out1     | sigma/sigma_tile/riscv/gensticky_genpsticky_glbl_regfile[15][31]_i_1_n_0              | sigma/sigma_tile/sfr/core_reset_o_reg_0_repN_2                                 |                1 |              3 |
|  sys_clk/inst/clk_out1     | sigma/sigma_tile/riscv/gensticky_genpsticky_glbl_regfile[3][31]_i_1_n_0               | sigma/sigma_tile/sfr/core_reset_o_reg_0_repN_5                                 |                3 |              3 |
|  sys_clk/inst/clk_out1     | sigma/sigma_tile/riscv/gensticky_genpsticky_glbl_regfile[3][31]_i_1_n_0               | sigma/sigma_tile/sfr/core_reset_o_reg_0_repN_6                                 |                2 |              3 |
|  sys_clk/inst/clk_out1     | sigma/sigma_tile/riscv/gensticky_genpsticky_glbl_regfile[3][31]_i_1_n_0               | sigma/sigma_tile/sfr/core_reset_o_reg_0_repN_10                                |                2 |              3 |
|  sys_clk/inst/clk_out1     | sigma/sigma_tile/riscv/gensticky_genpsticky_glbl_regfile[8][31]_i_1_n_0               | sigma/sigma_tile/sfr/core_reset_o_reg_0_repN_2                                 |                2 |              3 |
|  sys_clk/inst/clk_out1     | sigma/sigma_tile/riscv/gensticky_genpsticky_glbl_regfile[8][31]_i_1_n_0               | sigma/sigma_tile/sfr/core_reset_o_reg_0_repN_5                                 |                2 |              3 |
|  sys_clk/inst/clk_out1     | sigma/sigma_tile/riscv/gensticky_genpsticky_glbl_regfile[8][31]_i_1_n_0               | sigma/sigma_tile/sfr/core_reset_o_reg_0_repN_6                                 |                1 |              3 |
|  sys_clk/inst/clk_out1     | sigma/sigma_tile/riscv/gensticky_genpsticky_glbl_regfile[9][31]_i_1_n_0               | sigma/sigma_tile/sfr/core_reset_o_reg_0_repN_6                                 |                1 |              3 |
|  sys_clk/inst/clk_out1     | sigma/sigma_tile/riscv/gensticky_genpsticky_glbl_regfile[9][31]_i_1_n_0               | sigma/sigma_tile/sfr/core_reset_o_reg_0_repN_8                                 |                1 |              3 |
|  sys_clk/inst/clk_out1     | sigma/sigma_tile/riscv/gensticky_genpsticky_glbl_regfile[12][31]_i_1_n_0              | sigma/sigma_tile/sfr/core_reset_o_reg_0_repN_8                                 |                3 |              4 |
|  sys_clk/inst/clk_out1     | sigma/sigma_tile/riscv/gensticky_genpsticky_glbl_regfile[21][31]_i_1_n_0              | sigma/sigma_tile/sfr/core_reset_o_reg_0_repN_9                                 |                2 |              4 |
|  sys_clk/inst/clk_out1     | sigma/sigma_tile/riscv/gensticky_genpsticky_glbl_regfile[4][31]_i_1_n_0               | sigma/sigma_tile/sfr/core_reset_o_reg_0_repN_10                                |                3 |              4 |
|  sys_clk/inst/clk_out1     | sigma/sigma_tile/riscv/gensticky_genpsticky_glbl_regfile[13][31]_i_1_n_0              | sigma/sigma_tile/sfr/core_reset_o_reg_0_repN_5                                 |                2 |              4 |
|  sys_clk/inst/clk_out1     | sigma/sigma_tile/riscv/gensticky_genpsticky_glbl_regfile[14][31]_i_1_n_0              | sigma/sigma_tile/sfr/core_reset_o_reg_0_repN_8                                 |                2 |              4 |
|  sys_clk/inst/clk_out1     | sigma/sigma_tile/riscv/gensticky_genpsticky_glbl_regfile[6][31]_i_1_n_0               | sigma/sigma_tile/sfr/core_reset_o_reg_0_repN_10                                |                3 |              4 |
|  sys_clk/inst/clk_out1     | sigma/sigma_tile/riscv/gensticky_genpsticky_glbl_regfile[13][31]_i_1_n_0              | sigma/sigma_tile/sfr/core_reset_o_reg_0_repN_8                                 |                2 |              4 |
|  sys_clk/inst/clk_out1     | sigma/udm/uart_rx/FSM_sequential_state[3]_i_1_n_0                                     | sigma/reset_sync/Q[0]                                                          |                1 |              4 |
|  sys_clk/inst/clk_out1     | sigma/sigma_tile/riscv/gensticky_genpsticky_glbl_regfile[20][31]_i_1_n_0              | sigma/sigma_tile/sfr/core_reset_o_reg_0_repN_10                                |                3 |              4 |
|  sys_clk/inst/clk_out1     | sigma/sigma_tile/riscv/gensticky_genpsticky_glbl_regfile[30][31]_i_1_n_0              | sigma/sigma_tile/sfr/core_reset_o_reg_0_repN_7                                 |                2 |              4 |
|  sys_clk/inst/clk_out1     | sigma/sigma_tile/riscv/gensticky_genpsticky_glbl_regfile[20][31]_i_1_n_0              | sigma/sigma_tile/sfr/core_reset_o_reg_0_repN_9                                 |                1 |              4 |
|  sys_clk/inst/clk_out1     | sigma/sigma_tile/riscv/gensticky_genpsticky_glbl_regfile[8][31]_i_1_n_0               | sigma/sigma_tile/sfr/core_reset_o_reg_0_repN_10                                |                3 |              4 |
|  sys_clk/inst/clk_out1     | sigma/sigma_tile/riscv/gensticky_genpsticky_glbl_regfile[17][31]_i_1_n_0              | sigma/sigma_tile/sfr/core_reset_o_reg_0_repN_4                                 |                2 |              4 |
|  sys_clk/inst/clk_out1     | sigma/sigma_tile/riscv/gensticky_genpsticky_glbl_regfile[9][31]_i_1_n_0               | sigma/sigma_tile/sfr/core_reset_o_reg_0_repN_5                                 |                2 |              4 |
|  sys_clk/inst/clk_out1     | sigma/sigma_tile/riscv/gensticky_genpsticky_glbl_regfile[14][31]_i_1_n_0              | sigma/sigma_tile/sfr/core_reset_o_reg_0_repN_5                                 |                2 |              4 |
|  sys_clk/inst/clk_out1     | sigma/sigma_tile/riscv/gensticky_genpsticky_glbl_regfile[5][31]_i_1_n_0               | sigma/sigma_tile/sfr/core_reset_o_reg_0_repN_10                                |                1 |              4 |
|  sys_clk/inst/clk_out1     | sigma/sigma_tile/riscv/gensticky_genpsticky_glbl_regfile[2][31]_i_1_n_0               | sigma/sigma_tile/sfr/core_reset_o_reg_0_repN_9                                 |                2 |              4 |
|  sys_clk/inst/clk_out1     | sigma/sigma_tile/riscv/gensticky_genpsticky_glbl_regfile[19][31]_i_1_n_0              | sigma/sigma_tile/sfr/core_reset_o_reg_0_repN_6                                 |                2 |              4 |
|  sys_clk/inst/clk_out1     | sigma/sigma_tile/riscv/gensticky_genpsticky_glbl_regfile[25][31]_i_1_n_0              | sigma/sigma_tile/sfr/core_reset_o_reg_0_repN_6                                 |                2 |              4 |
|  sys_clk/inst/clk_out1     | sigma/sigma_tile/riscv/gensticky_genpsticky_glbl_regfile[12][31]_i_1_n_0              | sigma/sigma_tile/sfr/core_reset_o_reg_0_repN_5                                 |                2 |              4 |
|  sys_clk/inst/clk_out1     | sigma/sigma_tile/riscv/gensticky_genpsticky_glbl_regfile[19][31]_i_1_n_0              | sigma/sigma_tile/sfr/core_reset_o_reg_0_repN_10                                |                2 |              4 |
|  sys_clk/inst/clk_out1     | sigma/sigma_tile/riscv/gensticky_genpsticky_glbl_regfile[29][31]_i_1_n_0              | sigma/sigma_tile/sfr/core_reset_o_reg_0_repN_9                                 |                2 |              4 |
|  sys_clk/inst/clk_out1     | sigma/sigma_tile/riscv/gensticky_genpsticky_glbl_regfile[2][31]_i_1_n_0               | sigma/sigma_tile/sfr/core_reset_o_reg_0_repN_6                                 |                3 |              4 |
|  sys_clk/inst/clk_out1     | sigma/sigma_tile/riscv/gensticky_genpsticky_glbl_regfile[2][31]_i_1_n_0               | sigma/sigma_tile/sfr/core_reset_o_reg_0_repN_5                                 |                3 |              4 |
|  sys_clk/inst/clk_out1     | sigma/sigma_tile/riscv/gensticky_genpsticky_glbl_regfile[16][31]_i_1_n_0              | sigma/sigma_tile/sfr/core_reset_o_reg_0_repN_9                                 |                3 |              4 |
|  sys_clk/inst/clk_out1     | sigma/sigma_tile/riscv/gensticky_genpsticky_glbl_regfile[26][31]_i_1_n_0              | sigma/sigma_tile/sfr/core_reset_o_reg_0_repN_7                                 |                2 |              4 |
|  sys_clk/inst/clk_out1     | sigma/sigma_tile/riscv/gensticky_genpsticky_glbl_regfile[26][31]_i_1_n_0              | sigma/sigma_tile/sfr/core_reset_o_reg_0_repN_6                                 |                4 |              4 |
|  sys_clk/inst/clk_out1     | sigma/sigma_tile/riscv/gensticky_genpsticky_glbl_regfile[20][31]_i_1_n_0              | sigma/sigma_tile/sfr/core_reset_o_reg_0_repN_6                                 |                3 |              4 |
|  sys_clk/inst/clk_out1     | sigma/sigma_tile/riscv/gensticky_genpsticky_glbl_regfile[24][31]_i_1_n_0              | sigma/sigma_tile/sfr/core_reset_o_reg_0_repN_7                                 |                2 |              4 |
|  sys_clk/inst/clk_out1     | sigma/sigma_tile/riscv/gensticky_genpsticky_glbl_regfile[27][31]_i_1_n_0              | sigma/sigma_tile/sfr/core_reset_o_reg_0_repN_6                                 |                3 |              4 |
|  sys_clk/inst/clk_out1     | sigma/sigma_tile/riscv/gensticky_genpsticky_glbl_regfile[27][31]_i_1_n_0              | sigma/sigma_tile/sfr/core_reset_o_reg_0_repN_4                                 |                3 |              4 |
|  sys_clk/inst/clk_out1     | sigma/sigma_tile/riscv/gensticky_genpsticky_glbl_regfile[22][31]_i_1_n_0              | sigma/sigma_tile/sfr/core_reset_o_reg_0_repN_7                                 |                3 |              4 |
|  sys_clk/inst/clk_out1     | sigma/sigma_tile/riscv/gensticky_genpsticky_glbl_regfile[22][31]_i_1_n_0              | sigma/sigma_tile/sfr/core_reset_o_reg_0_repN_9                                 |                3 |              4 |
|  sys_clk/inst/clk_out1     | sigma/sigma_tile/riscv/gensticky_genpsticky_glbl_regfile[7][31]_i_1_n_0               | sigma/sigma_tile/sfr/core_reset_o_reg_0_repN_10                                |                2 |              4 |
|  sys_clk/inst/clk_out1     | sigma/sigma_tile/riscv/bus_addr_bo_reg[5]_0[0]                                        | sigma/reset_sync/reset_syncbuf_reg[0]_0[0]                                     |                2 |              4 |
|  sys_clk/inst/clk_out1     | sigma/sigma_tile/riscv/gensticky_genpsticky_glbl_regfile[23][31]_i_1_n_0              | sigma/sigma_tile/sfr/core_reset_o_reg_0_repN_6                                 |                3 |              4 |
|  sys_clk/inst/clk_out1     | sigma/sigma_tile/riscv/gensticky_genpsticky_glbl_regfile[27][31]_i_1_n_0              | sigma/sigma_tile/sfr/core_reset_o_reg_0_repN_1                                 |                4 |              4 |
|  sys_clk/inst/clk_out1     | sigma/sigma_tile/riscv/gensticky_genpsticky_glbl_regfile[15][31]_i_1_n_0              | sigma/sigma_tile/sfr/core_reset_o_reg_0_repN_8                                 |                2 |              4 |
|  sys_clk/inst/clk_out1     | sigma/sigma_tile/riscv/gensticky_genpsticky_glbl_regfile[20][31]_i_1_n_0              | sigma/sigma_tile/sfr/core_reset_o_reg_0_repN_7                                 |                2 |              4 |
|  sys_clk/inst/clk_out1     | sigma/sigma_tile/riscv/gensticky_genpsticky_glbl_regfile[1][31]_i_1_n_0               | sigma/sigma_tile/sfr/core_reset_o_reg_0_repN_9                                 |                1 |              4 |
|  sys_clk/inst/clk_out1     | sigma/sigma_tile/riscv/gensticky_genpsticky_glbl_regfile[6][31]_i_1_n_0               | sigma/sigma_tile/sfr/core_reset_o_reg_0_repN_2                                 |                1 |              4 |
|  sys_clk/inst/clk_out1     | sigma/sigma_tile/riscv/gensticky_genpsticky_glbl_regfile[24][31]_i_1_n_0              | sigma/sigma_tile/sfr/core_reset_o_reg_0_repN_8                                 |                3 |              4 |
|  sys_clk/inst/clk_out1     | sigma/sigma_tile/riscv/gensticky_genpsticky_glbl_regfile[23][31]_i_1_n_0              | sigma/sigma_tile/sfr/core_reset_o_reg_0_repN_10                                |                2 |              4 |
|  sys_clk/inst/clk_out1     | sigma/sigma_tile/riscv/gensticky_genpsticky_glbl_regfile[10][31]_i_1_n_0              | sigma/sigma_tile/sfr/core_reset_o_reg_0_repN_8                                 |                1 |              4 |
|  sys_clk/inst/clk_out1     | sigma/sigma_tile/riscv/genpsticky_glbl_regfile                                        | sigma/sigma_tile/sfr/core_reset_o_reg_0_repN_6                                 |                4 |              4 |
|  sys_clk/inst/clk_out1     | sigma/sigma_tile/riscv/gensticky_genpsticky_glbl_regfile[21][31]_i_1_n_0              | sigma/sigma_tile/sfr/core_reset_o_reg_0_repN_10                                |                3 |              5 |
|  sys_clk/inst/clk_out1     | sigma/sigma_tile/riscv/gensticky_genpsticky_glbl_regfile[21][31]_i_1_n_0              | sigma/sigma_tile/sfr/core_reset_o_reg_0_repN_8                                 |                2 |              5 |
|  sys_clk/inst/clk_out1     | sigma/sigma_tile/riscv/gensticky_genpsticky_glbl_regfile[16][31]_i_1_n_0              | sigma/sigma_tile/sfr/core_reset_o_reg_0_repN_8                                 |                3 |              5 |
|  sys_clk/inst/clk_out1     | sigma/sigma_tile/riscv/genpsticky_glbl_regfile                                        | sigma/sigma_tile/sfr/core_reset_o_reg_0_repN_7                                 |                4 |              5 |
|  sys_clk/inst/clk_out1     | sigma/sigma_tile/riscv/gensticky_genpsticky_glbl_regfile[14][31]_i_1_n_0              | sigma/sigma_tile/sfr/core_reset_o_reg_0_repN_9                                 |                3 |              5 |
|  sys_clk/inst/clk_out1     | sigma/sigma_tile/riscv/gensticky_genpsticky_glbl_regfile[3][31]_i_1_n_0               | sigma/sigma_tile/sfr/core_reset_o_reg_0_repN_9                                 |                2 |              5 |
|  sys_clk/inst/clk_out1     | sigma/sigma_tile/riscv/gensticky_genpsticky_glbl_regfile[30][31]_i_1_n_0              | sigma/sigma_tile/sfr/core_reset_o_reg_0_repN_8                                 |                4 |              5 |
|  sys_clk/inst/clk_out1     | sigma/sigma_tile/riscv/gensticky_genpsticky_glbl_regfile[10][31]_i_1_n_0              | sigma/sigma_tile/sfr/core_reset_o_reg_0_repN_9                                 |                2 |              5 |
|  sys_clk/inst/clk_out1     | sigma/sigma_tile/riscv/gensticky_genpsticky_glbl_regfile[24][31]_i_1_n_0              | sigma/sigma_tile/sfr/core_reset_o_reg_0_repN_4                                 |                3 |              5 |
|  sys_clk/inst/clk_out1     | sigma/sigma_tile/riscv/gensticky_genpsticky_glbl_regfile[16][31]_i_1_n_0              | sigma/sigma_tile/sfr/core_reset_o_reg_0_repN_10                                |                3 |              5 |
|  sys_clk/inst/clk_out1     | sigma/sigma_tile/riscv/gensticky_genpsticky_glbl_regfile[28][31]_i_1_n_0              | sigma/sigma_tile/sfr/core_reset_o_reg_0_repN_6                                 |                4 |              5 |
|  sys_clk/inst/clk_out1     | sigma/sigma_tile/riscv/gensticky_genpstage_EXEC_TRX_BUF[0][irq_mcause][3]_i_1_n_0     | sigma/sigma_tile/sfr/core_reset_o_reg_2[0]                                     |                3 |              5 |
|  sys_clk/inst/clk_out1     | sigma/sigma_tile/riscv/gensticky_genpsticky_glbl_regfile[22][31]_i_1_n_0              | sigma/sigma_tile/sfr/core_reset_o_reg_0_repN_8                                 |                3 |              5 |
|  sys_clk/inst/clk_out1     | sigma/sigma_tile/riscv/gensticky_genpsticky_glbl_regfile[1][31]_i_1_n_0               | sigma/sigma_tile/sfr/core_reset_o_reg_0_repN_10                                |                3 |              5 |
|  sys_clk/inst/clk_out1     | sigma/sigma_tile/riscv/gensticky_genpsticky_glbl_regfile[24][31]_i_1_n_0              | sigma/sigma_tile/sfr/core_reset_o_reg_0_repN_6                                 |                3 |              5 |
|  sys_clk/inst/clk_out1     | sigma/sigma_tile/riscv/gensticky_genpsticky_glbl_regfile[17][31]_i_1_n_0              | sigma/sigma_tile/sfr/core_reset_o_reg_0_repN_7                                 |                4 |              5 |
|  sys_clk/inst/clk_out1     | sigma/sigma_tile/riscv/gensticky_genpsticky_glbl_regfile[24][31]_i_1_n_0              | sigma/sigma_tile/sfr/core_reset_o_reg_0_repN_10                                |                3 |              5 |
|  sys_clk/inst/clk_out1     | sigma/sigma_tile/riscv/gensticky_genpsticky_glbl_regfile[9][31]_i_1_n_0               | sigma/sigma_tile/sfr/core_reset_o_reg_0_repN_7                                 |                3 |              5 |
|  sys_clk/inst/clk_out1     | sigma/sigma_tile/riscv/gensticky_genpsticky_glbl_regfile[9][31]_i_1_n_0               | sigma/sigma_tile/sfr/core_reset_o_reg_0_repN_9                                 |                2 |              5 |
|  sys_clk/inst/clk_out1     | sigma/sigma_tile/riscv/gensticky_genpsticky_glbl_regfile[29][31]_i_1_n_0              | sigma/sigma_tile/sfr/core_reset_o_reg_0_repN_6                                 |                3 |              5 |
|  sys_clk/inst/clk_out1     | sigma/sigma_tile/riscv/gensticky_genpsticky_glbl_regfile[20][31]_i_1_n_0              | sigma/sigma_tile/sfr/core_reset_o_reg_0_repN_8                                 |                2 |              5 |
|  sys_clk/inst/clk_out1     | sigma/sigma_tile/riscv/gensticky_genpsticky_glbl_regfile[29][31]_i_1_n_0              | sigma/sigma_tile/sfr/core_reset_o_reg_0_repN_10                                |                2 |              5 |
|  sys_clk/inst/clk_out1     | sigma/sigma_tile/riscv/gensticky_genpsticky_glbl_regfile[7][31]_i_1_n_0               | sigma/sigma_tile/sfr/core_reset_o_reg_0_repN_2                                 |                2 |              5 |
|  sys_clk/inst/clk_out1     |                                                                                       | sigma/sigma_tile/sfr/core_reset_o_reg_0_repN_9                                 |                3 |              5 |
|  sys_clk/inst/clk_out1     | sigma/sigma_tile/riscv/gensticky_genpstage_MEMWB_TRX_BUF_reg[0][mem_addr][5]_0        | sigma/sigma_tile/riscv/bus_addr_bo_reg[5]                                      |                3 |              5 |
|  sys_clk/inst/clk_out1     | sigma/sigma_tile/riscv/genpsticky_glbl_MIRQEN                                         | sigma/sigma_tile/sfr/core_reset_o_reg_0_repN_3                                 |                4 |              5 |
|  sys_clk/inst/clk_out1     | sigma/sigma_tile/riscv/gensticky_genpsticky_glbl_regfile[21][31]_i_1_n_0              | sigma/sigma_tile/sfr/core_reset_o_reg_0_repN_4                                 |                3 |              5 |
|  sys_clk/inst/clk_out1     | sigma/sigma_tile/riscv/gensticky_genpsticky_glbl_regfile[8][31]_i_1_n_0               | sigma/sigma_tile/sfr/core_reset_o_reg_0_repN_9                                 |                4 |              5 |
|  sys_clk/inst/clk_out1     | sigma/sigma_tile/riscv/gensticky_genpsticky_glbl_regfile[17][31]_i_1_n_0              | sigma/sigma_tile/sfr/core_reset_o_reg_0_repN_9                                 |                2 |              5 |
|  sys_clk/inst/clk_out1     | sigma/sigma_tile/riscv/gensticky_genpsticky_glbl_regfile[3][31]_i_1_n_0               | sigma/sigma_tile/sfr/core_reset_o_reg_0_repN_2                                 |                2 |              6 |
|  sys_clk/inst/clk_out1     | sigma/sigma_tile/riscv/gensticky_genpsticky_glbl_regfile[22][31]_i_1_n_0              | sigma/sigma_tile/sfr/core_reset_o_reg_0_repN_4                                 |                4 |              6 |
|  sys_clk/inst/clk_out1     | sigma/sigma_tile/genexu_MUL_DIV/riscv_divider/div_complete_w                          | sigma/sigma_tile/sfr/core_reset_o_reg_0_repN_9                                 |                2 |              6 |
|  sys_clk/inst/clk_out1     | sigma/sigma_tile/riscv/gensticky_genpsticky_glbl_regfile[28][31]_i_1_n_0              | sigma/sigma_tile/sfr/core_reset_o_reg_0_repN_10                                |                4 |              6 |
|  sys_clk/inst/clk_out1     | sigma/sigma_tile/riscv/gensticky_genpsticky_glbl_regfile[4][31]_i_1_n_0               | sigma/sigma_tile/sfr/core_reset_o_reg_0_repN_2                                 |                3 |              6 |
|  sys_clk/inst/clk_out1     | sigma/sigma_tile/riscv/gensticky_genpsticky_glbl_regfile[30][31]_i_1_n_0              | sigma/sigma_tile/sfr/core_reset_o_reg_0_repN_10                                |                4 |              6 |
|  sys_clk/inst/clk_out1     | sigma/sigma_tile/riscv/gensticky_genpsticky_glbl_regfile[4][31]_i_1_n_0               | sigma/sigma_tile/sfr/core_reset_o_reg_0_repN_6                                 |                4 |              6 |
|  sys_clk/inst/clk_out1     | sigma/sigma_tile/riscv/gensticky_genpsticky_glbl_regfile[14][31]_i_1_n_0              | sigma/sigma_tile/sfr/core_reset_o_reg_0_repN_7                                 |                4 |              6 |
|  sys_clk/inst/clk_out1     | sigma/sigma_tile/riscv/gensticky_genpsticky_glbl_regfile[5][31]_i_1_n_0               | sigma/sigma_tile/sfr/core_reset_o_reg_0_repN_2                                 |                2 |              6 |
|  sys_clk/inst/clk_out1     | sigma/sigma_tile/riscv/gensticky_genpsticky_glbl_regfile[19][31]_i_1_n_0              | sigma/sigma_tile/sfr/core_reset_o_reg_0_repN_8                                 |                2 |              6 |
|  sys_clk/inst/clk_out1     | sigma/sigma_tile/riscv/gensticky_genpsticky_glbl_regfile[22][31]_i_1_n_0              | sigma/sigma_tile/sfr/core_reset_o_reg_0_repN_10                                |                3 |              6 |
|  sys_clk/inst/clk_out1     | sigma/sigma_tile/riscv/gensticky_genpsticky_glbl_regfile[5][31]_i_1_n_0               | sigma/sigma_tile/sfr/core_reset_o_reg_0_repN_6                                 |                2 |              6 |
|  sys_clk/inst/clk_out1     | sigma/sigma_tile/riscv/gensticky_genpsticky_glbl_regfile[13][31]_i_1_n_0              | sigma/sigma_tile/sfr/core_reset_o_reg_0_repN_9                                 |                3 |              6 |
|  sys_clk/inst/clk_out1     | sigma/sigma_tile/riscv/gensticky_genpsticky_glbl_regfile[6][31]_i_1_n_0               | sigma/sigma_tile/sfr/core_reset_o_reg_0_repN_6                                 |                4 |              6 |
|  sys_clk/inst/clk_out1     | sigma/sigma_tile/riscv/gensticky_genpsticky_glbl_regfile[1][31]_i_1_n_0               | sigma/sigma_tile/sfr/core_reset_o_reg_0_repN_2                                 |                3 |              6 |
|  sys_clk/inst/clk_out1     | sigma/sigma_tile/riscv/gensticky_genpsticky_glbl_regfile[2][31]_i_1_n_0               | sigma/sigma_tile/sfr/core_reset_o_reg_0_repN_2                                 |                3 |              6 |
|  sys_clk/inst/clk_out1     | sigma/sigma_tile/riscv/gensticky_genpsticky_glbl_regfile[15][31]_i_1_n_0              | sigma/sigma_tile/sfr/core_reset_o_reg_0_repN_9                                 |                3 |              6 |
|  sys_clk/inst/clk_out1     | sigma/sigma_tile/riscv/gensticky_genpsticky_glbl_regfile[15][31]_i_1_n_0              | sigma/sigma_tile/sfr/core_reset_o_reg_0_repN_10                                |                2 |              6 |
|  sys_clk/inst/clk_out1     | sigma/sigma_tile/riscv/gensticky_genpsticky_glbl_regfile[11][31]_i_1_n_0              | sigma/sigma_tile/sfr/core_reset_o_reg_0_repN_7                                 |                3 |              6 |
|  sys_clk/inst/clk_out1     | sigma/sigma_tile/riscv/gensticky_genpsticky_glbl_regfile[8][31]_i_1_n_0               | sigma/sigma_tile/sfr/core_reset_o_reg_0_repN_7                                 |                5 |              6 |
|  sys_clk/inst/clk_out1     | sigma/sigma_tile/riscv/gensticky_genpsticky_glbl_regfile[12][31]_i_1_n_0              | sigma/sigma_tile/sfr/core_reset_o_reg_0_repN_9                                 |                5 |              6 |
|  sys_clk/inst/clk_out1     | sigma/sigma_tile/riscv/gensticky_genpsticky_glbl_regfile[10][31]_i_1_n_0              | sigma/sigma_tile/sfr/core_reset_o_reg_0_repN_10                                |                2 |              7 |
|  sys_clk/inst/clk_out1     | sigma/sigma_tile/riscv/gensticky_genpsticky_glbl_regfile[13][31]_i_1_n_0              | sigma/sigma_tile/sfr/core_reset_o_reg_0_repN_10                                |                3 |              7 |
|  sys_clk/inst/clk_out1     | sigma/sigma_tile/riscv/gensticky_genpsticky_glbl_regfile[8][31]_i_1_n_0               | sigma/sigma_tile/sfr/core_reset_o_reg_0_repN_8                                 |                4 |              7 |
|  sys_clk/inst/clk_out1     | sigma/sigma_tile/riscv/gensticky_genpsticky_glbl_regfile[17][31]_i_1_n_0              | sigma/sigma_tile/sfr/core_reset_o_reg_0_repN_8                                 |                4 |              7 |
|  sys_clk/inst/clk_out1     | sigma/sigma_tile/riscv/gensticky_genpsticky_glbl_regfile[26][31]_i_1_n_0              | sigma/sigma_tile/sfr/core_reset_o_reg_0_repN_4                                 |                6 |              7 |
|  sys_clk/inst/clk_out1     |                                                                                       | sigma/sigma_tile/sfr/core_reset_o_reg_0_repN_10                                |                4 |              7 |
|  sys_clk/inst/clk_out1     | sigma/sigma_tile/riscv/gensticky_genpsticky_glbl_regfile[10][31]_i_1_n_0              | sigma/sigma_tile/sfr/core_reset_o_reg_0_repN_7                                 |                3 |              7 |
|  sys_clk/inst/clk_out1     | sigma/sigma_tile/riscv/gensticky_genpsticky_glbl_regfile[20][31]_i_1_n_0              | sigma/sigma_tile/sfr/core_reset_o_reg_0_repN_4                                 |                5 |              7 |
|  sys_clk/inst/clk_out1     | sigma/sigma_tile/riscv/gensticky_genpsticky_glbl_regfile[23][31]_i_1_n_0              | sigma/sigma_tile/sfr/core_reset_o_reg_0_repN_8                                 |                2 |              7 |
|  sys_clk/inst/clk_out1     | sigma/sigma_tile/riscv/gensticky_genpsticky_glbl_regfile[18][31]_i_1_n_0              | sigma/sigma_tile/sfr/core_reset_o_reg_0_repN_4                                 |                5 |              7 |
|  sys_clk/inst/clk_out1     | sigma/sigma_tile/riscv/gensticky_genpsticky_glbl_regfile[7][31]_i_1_n_0               | sigma/sigma_tile/sfr/core_reset_o_reg_0_repN_6                                 |                3 |              7 |
|  sys_clk/inst/clk_out1     | sigma/sigma_tile/riscv/gensticky_genpsticky_glbl_regfile[12][31]_i_1_n_0              | sigma/sigma_tile/sfr/core_reset_o_reg_0_repN_7                                 |                4 |              7 |
|  sys_clk/inst/clk_out1     | sigma/sigma_tile/riscv/gensticky_genpsticky_glbl_regfile[30][31]_i_1_n_0              | sigma/sigma_tile/sfr/core_reset_o_reg_0_repN_4                                 |                4 |              7 |
|  sys_clk/inst/clk_out1     | sigma/sigma_tile/riscv/gensticky_genpsticky_glbl_regfile[13][31]_i_1_n_0              | sigma/sigma_tile/sfr/core_reset_o_reg_0_repN_7                                 |                3 |              7 |
|  sys_clk/inst/clk_out1     | sigma/sigma_tile/riscv/gensticky_genpsticky_glbl_regfile[29][31]_i_1_n_0              | sigma/sigma_tile/sfr/core_reset_o_reg_0_repN_4                                 |                5 |              7 |
|  sys_clk/inst/clk_out1     | sigma/sigma_tile/riscv/gensticky_genpsticky_glbl_regfile[23][31]_i_1_n_0              | sigma/sigma_tile/sfr/core_reset_o_reg_0_repN_4                                 |                2 |              7 |
|  sys_clk/inst/clk_out1     | sigma/udm/udm_controller/tx_dout_bo[7]_i_1_n_0                                        |                                                                                |                4 |              7 |
|  sys_clk/inst/clk_out1     | sigma/sigma_tile/riscv/gensticky_genpsticky_glbl_regfile[25][31]_i_1_n_0              | sigma/sigma_tile/sfr/core_reset_o_reg_0_repN_8                                 |                3 |              8 |
|  sys_clk/inst/clk_out1     | sigma/sigma_tile/riscv/gensticky_genpsticky_glbl_regfile[12][31]_i_1_n_0              | sigma/sigma_tile/sfr/core_reset_o_reg_0_repN_10                                |                4 |              8 |
|  sys_clk/inst/clk_out1     |                                                                                       | sigma/sigma_tile/sfr/core_reset_o_reg_0_repN_2                                 |                6 |              8 |
|  sys_clk/inst/clk_out1     | sigma/sigma_tile/riscv/gensticky_genpstage_EXEC_TRX_BUF[0][curinstr_addr][31]_i_1_n_0 | sigma/sigma_tile/sfr/core_reset_o_reg_0_repN_1                                 |                2 |              8 |
|  sys_clk/inst/clk_out1     | sigma/sigma_tile/riscv/gensticky_genpsticky_glbl_regfile[9][31]_i_1_n_0               | sigma/sigma_tile/sfr/core_reset_o_reg_0_repN_10                                |                2 |              8 |
|  sys_clk/inst/clk_out1     | sigma/sigma_tile/riscv/gensticky_genpsticky_glbl_regfile[26][31]_i_1_n_0              | sigma/sigma_tile/sfr/core_reset_o_reg_0_repN_8                                 |                2 |              8 |
|  sys_clk/inst/clk_out1     | sigma/sigma_tile/riscv/gensticky_genpsticky_glbl_regfile[28][31]_i_1_n_0              | sigma/sigma_tile/sfr/core_reset_o_reg_0_repN_4                                 |                6 |              8 |
|  sys_clk/inst/clk_out1     | sigma/sigma_tile/riscv/gensticky_genpsticky_glbl_regfile[2][31]_i_1_n_0               | sigma/sigma_tile/sfr/core_reset_o_reg_0_repN_7                                 |                3 |              8 |
|  sys_clk/inst/clk_out1     | sigma/sigma_tile/riscv/gensticky_genpsticky_glbl_regfile[14][31]_i_1_n_0              | sigma/sigma_tile/sfr/core_reset_o_reg_0_repN_10                                |                3 |              8 |
|  sys_clk/inst/clk_out1     | sigma/sigma_tile/riscv/gensticky_genpsticky_glbl_regfile[18][31]_i_1_n_0              | sigma/sigma_tile/sfr/core_reset_o_reg_0_repN_8                                 |                5 |              8 |
|  sys_clk/inst/clk_out1     | sigma/udm/uart_rx/dout_bo[7]_i_1_n_0                                                  | sigma/reset_sync/Q[0]                                                          |                2 |              8 |
|  sys_clk/inst/clk_out1     | sigma/sigma_tile/riscv/genpsticky_glbl_regfile                                        | sigma/sigma_tile/sfr/core_reset_o_reg_0_repN_8                                 |                2 |              8 |
|  sys_clk/inst/clk_out1     | sigma/udm/uart_tx/databuf_0                                                           | sigma/reset_sync/Q[0]                                                          |                2 |              8 |
|  sys_clk/inst/clk_out1     | sigma/udm/udm_controller/RD_DATA_reg[23]_i_1_n_0                                      | sigma/udm/udm_controller/RD_DATA_reg[31]_i_1_n_0                               |                4 |              8 |
|  sys_clk/inst/clk_out1     | sigma/udm/udm_controller/tx_sendbyte_ff_0                                             |                                                                                |                4 |              8 |
|  sys_clk/inst/clk_out1     | sigma/udm/udm_controller/tx_sendbyte[7]_i_2_n_0                                       | sigma/udm/udm_controller/tx_sendbyte[7]_i_1_n_0                                |                2 |              8 |
|  sys_clk/inst/clk_out1     | sigma/sigma_tile/riscv/gensticky_genpsticky_glbl_regfile[25][31]_i_1_n_0              | sigma/sigma_tile/sfr/core_reset_o_reg_0_repN_4                                 |                7 |              8 |
|  sys_clk/inst/clk_out1     | sigma/sigma_tile/riscv/gensticky_genpsticky_glbl_regfile[19][31]_i_1_n_0              | sigma/sigma_tile/sfr/core_reset_o_reg_0_repN_4                                 |                6 |              9 |
|  sys_clk/inst/clk_out1     | sigma/sigma_tile/genexu_MUL_DIV/riscv_divider/div_complete_w                          | sigma/sigma_tile/sfr/core_reset_o_reg_0_repN_4                                 |                3 |              9 |
|  sys_clk/inst/clk_out1     | sigma/sigma_tile/riscv/gensticky_genpsticky_glbl_regfile[16][31]_i_1_n_0              | sigma/sigma_tile/sfr/core_reset_o_reg_0_repN_4                                 |                4 |              9 |
|  sys_clk/inst/clk_out1     |                                                                                       | sigma/udm/udm_controller/FSM_sequential_state[2]_i_1_n_0                       |                6 |              9 |
|  sys_clk/inst/clk_out1     |                                                                                       | sigma/udm/uart_rx/SR[0]                                                        |                3 |              9 |
|  sys_clk/inst/clk_out1     | sigma/sigma_tile/genexu_MUL_DIV/riscv_divider/divisor_q[62]_i_1_n_0                   | sigma/sigma_tile/sfr/core_reset_o_reg_0_repN                                   |                3 |              9 |
|  sys_clk/inst/clk_out1     | sigma/sigma_tile/riscv/gensticky_genpsticky_glbl_regfile[5][31]_i_1_n_0               | sigma/sigma_tile/sfr/core_reset_o_reg_0_repN_7                                 |                3 |              9 |
|  sys_clk/inst/clk_out1     | sigma/sigma_tile/riscv/gensticky_genpsticky_glbl_regfile[3][31]_i_1_n_0               | sigma/sigma_tile/sfr/core_reset_o_reg_0_repN_7                                 |                3 |              9 |
|  sys_clk/inst/clk_out1     | sigma/sigma_tile/riscv/gensticky_genpsticky_glbl_regfile[27][31]_i_1_n_0              | sigma/sigma_tile/sfr/core_reset_o_reg_0_repN_8                                 |                6 |              9 |
|  sys_clk/inst/clk_out1     | sigma/sigma_tile/riscv/gensticky_genpsticky_glbl_regfile[1][31]_i_1_n_0               | sigma/sigma_tile/sfr/core_reset_o_reg_0_repN_7                                 |                5 |             10 |
|  sys_clk/inst/clk_out1     | sigma/sigma_tile/riscv/gensticky_genpsticky_glbl_regfile[11][31]_i_1_n_0              | sigma/sigma_tile/sfr/core_reset_o_reg_0_repN_10                                |                4 |             10 |
|  sys_clk/inst/clk_out1     | sigma/sigma_tile/riscv/gensticky_genpsticky_glbl_regfile[7][31]_i_1_n_0               | sigma/sigma_tile/sfr/core_reset_o_reg_0_repN_7                                 |                4 |             10 |
|  sys_clk/inst/clk_out1     | sigma/sigma_tile/riscv/gensticky_genpsticky_glbl_regfile[15][31]_i_1_n_0              | sigma/sigma_tile/sfr/core_reset_o_reg_0_repN_7                                 |                3 |             10 |
|  sys_clk/inst/clk_out1     | sigma/sigma_tile/riscv/host\\.rdata[31]_i_9_0                                         | sigma/sigma_tile/riscv/gensticky_genpstage_MEMWB_TRX_BUF_reg[0][mem_addr][2]_1 |                5 |             11 |
|  sys_clk/inst/clk_out1     | sigma/sigma_tile/riscv/host\\.rdata[31]_i_9_0                                         | sigma/sigma_tile/riscv/gensticky_genpstage_MEMWB_TRX_BUF_reg[0][mem_addr][2]_2 |                3 |             11 |
|  sys_clk/inst/clk_out1     | sigma/sigma_tile/riscv/gensticky_genpsticky_glbl_regfile[4][31]_i_1_n_0               | sigma/sigma_tile/sfr/core_reset_o_reg_0_repN_7                                 |                5 |             11 |
|  sys_clk/inst/clk_out1     | sigma/sigma_tile/riscv/gensticky_genpsticky_glbl_regfile[6][31]_i_1_n_0               | sigma/sigma_tile/sfr/core_reset_o_reg_0_repN_7                                 |                4 |             11 |
|  sys_clk/inst/clk_out1     |                                                                                       | sigma/sigma_tile/sfr/core_reset_o_reg_0_repN_7                                 |                7 |             12 |
|  sys_clk/inst/clk_out1     |                                                                                       | sigma/sigma_tile/sfr/core_reset_o_reg_0_repN_1                                 |                9 |             12 |
|  sys_clk/inst/clk_out1     | sigma/sigma_tile/riscv/gensticky_genpstage_MEMWB_TRX_BUF[0][mem_cmd][0]_i_1_n_0       | sigma/sigma_tile/sfr/core_reset_o_reg_0_repN_3                                 |                8 |             14 |
|  sys_clk/inst/clk_out1     |                                                                                       | sigma/reset_sync/reset_syncbuf_reg[0]_0[0]                                     |               11 |             14 |
|  sys_clk/inst/clk_out1     |                                                                                       | sigma/Mat_mul55/cntr[2]_i_2_n_0                                                |               10 |             14 |
|  sys_clk/inst/clk_out1     | sigma/sigma_tile/riscv/genpsticky_glbl_MIRQEN                                         | sigma/sigma_tile/sfr/core_reset_o_reg_0_repN_1                                 |               14 |             15 |
|  sys_clk/inst/clk_out1     | sigma/sigma_tile/riscv/bus_we_o_reg_0[0]                                              | sigma/reset_sync/reset_syncbuf_reg[0]_0[0]                                     |               10 |             16 |
|  sys_clk/inst/clk_out1     | sigma/sigma_tile/riscv/genpsticky_glbl_MIRQEN                                         | sigma/sigma_tile/sfr/core_reset_o_reg_0_repN                                   |                8 |             16 |
|  sys_clk/inst/clk_out1     | sigma/sigma_tile/genexu_MUL_DIV/riscv_divider/div_complete_w                          | sigma/sigma_tile/sfr/core_reset_o_reg_0_repN_7                                 |                5 |             17 |
|  sys_clk/inst/clk_out1     |                                                                                       | sigma/reset_sync/Q[0]                                                          |               10 |             17 |
|  sys_clk/inst/clk_out1     | sigma/debouncer/counter_reg[0]_i_1_n_0                                                | sigma/reset_sync/Q[0]                                                          |                5 |             20 |
|  sys_clk/inst/clk_out1     | sigma/sigma_tile/genexu_MUL_DIV/riscv_divider/divisor_q[62]_i_1_n_0                   | sigma/sigma_tile/sfr/core_reset_o_reg_0_repN_2                                 |                9 |             23 |
|  sys_clk/inst/clk_out1     | sigma/udm/udm_controller/RD_DATA_reg[23]_i_1_n_0                                      |                                                                                |               13 |             24 |
|  sys_clk/inst/clk_out1     | sigma/udm/uart_rx/bitperiod_o[28]_i_1_n_0                                             | sigma/reset_sync/Q[0]                                                          |               11 |             30 |
|  sys_clk/inst/clk_out1     | sigma/sigma_tile/riscv/gensticky_genpstage_MEMWB_TRX_BUF_reg[0][mem_addr][2]_10[0]    |                                                                                |               21 |             32 |
|  sys_clk/inst/clk_out1     | sigma/sigma_tile/sfr/timer_value[31]_i_2_n_0                                          | sigma/udm/udm_controller/rst_o_reg_1[0]                                        |                5 |             32 |
|  sys_clk/inst/clk_out1     | sigma/udm/udm_controller/bus_addr_bo[31]_i_1_n_0                                      | sigma/udm/udm_controller/FSM_sequential_state[2]_i_1_n_0                       |                6 |             32 |
|  sys_clk/inst/clk_out1     | sigma/udm/udm_controller/bus_wdata_bo[31]_i_1_n_0                                     | sigma/udm/udm_controller/FSM_sequential_state[2]_i_1_n_0                       |               10 |             32 |
|  sys_clk/inst/clk_out1     | sigma/udm/udm_controller/timeout_counter[31]_i_1_n_0                                  |                                                                                |               12 |             32 |
|  sys_clk/inst/clk_out1     | sigma/sigma_tile/genexu_MUL_DIV/riscv_divider/dividend_q                              | sigma/sigma_tile/sfr/core_reset_o_reg_4[0]                                     |               10 |             32 |
|  sys_clk/inst/clk_out1     | sigma/udm/udm_controller/tr_length[31]_i_2_n_0                                        | sigma/udm/udm_controller/tr_length[31]_i_1_n_0                                 |               13 |             32 |
|  sys_clk/inst/clk_out1     | sigma/sigma_tile/genexu_MUL_DIV/riscv_divider/dividend_q[31]_i_1_n_0                  | sigma/sigma_tile/sfr/core_reset_o_reg_0_repN_4                                 |                8 |             32 |
|  sys_clk/inst/clk_out1     | sigma/sigma_tile/riscv/bus_addr_bo_reg[6]_0[0]                                        |                                                                                |               24 |             32 |
|  sys_clk/inst/clk_out1     | sigma/sigma_tile/riscv/bus_addr_bo_reg[6]_2[0]                                        |                                                                                |               24 |             32 |
|  sys_clk/inst/clk_out1     | sigma/sigma_tile/riscv/bus_addr_bo_reg[6]_5[0]                                        |                                                                                |               20 |             32 |
|  sys_clk/inst/clk_out1     | sigma/sigma_tile/riscv/E[0]                                                           |                                                                                |               24 |             32 |
|  sys_clk/inst/clk_out1     | sigma/sigma_tile/riscv/bus_addr_bo_reg[6]_1[0]                                        |                                                                                |               24 |             32 |
|  sys_clk/inst/clk_out1     | sigma/sigma_tile/riscv/bus_addr_bo_reg[6]_10[0]                                       |                                                                                |               24 |             32 |
|  sys_clk/inst/clk_out1     | sigma/sigma_tile/riscv/bus_addr_bo_reg[6][0]                                          |                                                                                |               23 |             32 |
|  sys_clk/inst/clk_out1     | sigma/sigma_tile/riscv/bus_addr_bo_reg[6]_11[0]                                       |                                                                                |               26 |             32 |
|  sys_clk/inst/clk_out1     | sigma/sigma_tile/riscv/bus_addr_bo_reg[6]_12[0]                                       |                                                                                |               25 |             32 |
|  sys_clk/inst/clk_out1     | sigma/sigma_tile/riscv/bus_addr_bo_reg[6]_3[0]                                        |                                                                                |               21 |             32 |
|  sys_clk/inst/clk_out1     | sigma/sigma_tile/riscv/bus_addr_bo_reg[6]_4[0]                                        |                                                                                |               21 |             32 |
|  sys_clk/inst/clk_out1     | sigma/sigma_tile/riscv/bus_addr_bo_reg[6]_8[0]                                        |                                                                                |               24 |             32 |
|  sys_clk/inst/clk_out1     | sigma/sigma_tile/riscv/bus_addr_bo_reg[6]_9[0]                                        |                                                                                |               30 |             32 |
|  sys_clk/inst/clk_out1     | sigma/sigma_tile/riscv/bus_we_o_reg_4[0]                                              |                                                                                |               12 |             32 |
|  sys_clk/inst/clk_out1     | sigma/sigma_tile/riscv/bus_addr_bo_reg[6]_6[0]                                        |                                                                                |               22 |             32 |
|  sys_clk/inst/clk_out1     | sigma/sigma_tile/riscv/bus_addr_bo_reg[6]_7[0]                                        |                                                                                |               22 |             32 |
|  sys_clk/inst/clk_out1     | sigma/sigma_tile/riscv/core_reset_o_reg[0]                                            | sigma/reset_sync/reset_syncbuf_reg[0]_0[0]                                     |               15 |             32 |
|  sys_clk/inst/clk_out1     | sigma/sigma_tile/riscv/gensticky_genpstage_MEMWB_TRX_BUF_reg[0][mem_addr][3]_5[0]     |                                                                                |               25 |             32 |
|  sys_clk/inst/clk_out1     | sigma/sigma_tile/riscv/gensticky_genpstage_MEMWB_TRX_BUF_reg[0][mem_addr][4]_3[0]     |                                                                                |               22 |             32 |
|  sys_clk/inst/clk_out1     | sigma/sigma_tile/riscv/gensticky_genpstage_MEMWB_TRX_BUF_reg[0][mem_addr][4]_5[0]     |                                                                                |               27 |             32 |
|  sys_clk/inst/clk_out1     | sigma/sigma_tile/riscv/gensticky_genpstage_MEMWB_TRX_BUF_reg[0][mem_addr][4]_4[0]     |                                                                                |               24 |             32 |
|  sys_clk/inst/clk_out1     | sigma/sigma_tile/riscv/gensticky_genpstage_MEMWB_TRX_BUF_reg[0][mem_addr][2]_7[0]     |                                                                                |               24 |             32 |
|  sys_clk/inst/clk_out1     | sigma/sigma_tile/riscv/gensticky_genpstage_MEMWB_TRX_BUF_reg[0][mem_addr][2]_8[0]     |                                                                                |               19 |             32 |
|  sys_clk/inst/clk_out1     | sigma/sigma_tile/riscv/gensticky_genpstage_MEMWB_TRX_BUF_reg[0][mem_addr][5]_6[0]     |                                                                                |               24 |             32 |
|  sys_clk/inst/clk_out1     | sigma/sigma_tile/riscv/gensticky_genpstage_MEMWB_TRX_BUF_reg[0][mem_addr][3]_6[0]     |                                                                                |               22 |             32 |
|  sys_clk/inst/clk_out1     | sigma/sigma_tile/riscv/m0_s2_rd_inprogress_reg[0]                                     |                                                                                |               14 |             32 |
|  sys_clk/inst/clk_out1     | sigma/udm/uart_rx/clk_counter                                                         | sigma/reset_sync/Q[0]                                                          |                6 |             32 |
|  sys_clk/inst/clk_out1     | sigma/udm/uart_tx/clk_counter                                                         | sigma/reset_sync/Q[0]                                                          |                5 |             32 |
|  sys_clk/inst/clk_out1     |                                                                                       | sigma/sigma_tile/sfr/core_reset_o_reg_3                                        |               19 |             38 |
|  sys_clk/inst/clk_out1     |                                                                                       | sigma/sigma_tile/sfr/core_reset_o_reg_0_repN_3                                 |               23 |             39 |
|  sys_clk/inst/clk_out1     |                                                                                       | sigma/sigma_tile/sfr/core_reset_o_reg_0_repN_4                                 |               11 |             40 |
|  sys_clk/inst/clk_out1     | sigma/sigma_tile/riscv/bus_we_o_reg[0]                                                |                                                                                |               21 |             48 |
|  sys_clk/inst/clk_out1     | sigma/sigma_tile/riscv/gensticky_genpstage_MEMWB_TRX_BUF[0][mem_cmd][0]_i_1_n_0       | sigma/sigma_tile/sfr/core_reset_o_reg_0_repN                                   |               25 |             49 |
|  sys_clk/inst/clk_out1     | sigma/udm/udm_controller/reset_syncbuf_reg[0][0]                                      |                                                                                |               35 |             50 |
|  sys_clk/inst/clk_out1     | sigma/sigma_tile/riscv/gensticky_genpstage_EXEC_TRX_BUF[0][curinstr_addr][31]_i_1_n_0 | sigma/sigma_tile/sfr/core_reset_o_reg_0_repN                                   |               16 |             54 |
|  sys_clk/inst/clk_out1     |                                                                                       |                                                                                |               38 |             57 |
|  sys_clk/inst/clk_out1     |                                                                                       | sigma/sigma_tile/sfr/core_reset_o_reg_0_repN                                   |               28 |             60 |
|  sys_clk/inst/clk_out1     | sigma/sigma_tile/genexu_MUL_DIV/riscv_divider/divisor_q                               | sigma/sigma_tile/sfr/core_reset_o_reg_4[0]                                     |               15 |             62 |
|  sys_clk/inst/clk_out1     |                                                                                       | sigma/sigma_tile/sfr/core_reset_o_reg_2[0]                                     |               33 |             74 |
|  sys_clk/inst/clk_out1     | sigma/sigma_tile/riscv/gensticky_genpstage_MEMWB_TRX_BUF[0][mem_cmd][0]_i_1_n_0       | sigma/sigma_tile/sfr/core_reset_o_reg_0_repN_1                                 |               45 |             78 |
|  sys_clk/inst/clk_out1     | sigma/Mat_mul55/cntr[2]                                                               | sigma/Mat_mul55/cntr[2]_i_2_n_0                                                |               69 |            160 |
|  sys_clk/inst/clk_out1     | sigma/Mat_mul55/p_1_out                                                               | sigma/Mat_mul55/cntr[2]_i_2_n_0                                                |               74 |            160 |
|  sys_clk/inst/clk_out1     | sigma/Mat_mul55/C[5][31]_i_1_n_0                                                      | sigma/Mat_mul55/cntr[2]_i_2_n_0                                                |               66 |            160 |
|  sys_clk/inst/clk_out1     | sigma/Mat_mul55/C                                                                     | sigma/Mat_mul55/cntr[2]_i_2_n_0                                                |               75 |            160 |
|  sys_clk/inst/clk_out1     | sigma/Mat_mul55/C[15][31]_i_1_n_0                                                     | sigma/Mat_mul55/cntr[2]_i_2_n_0                                                |               66 |            160 |
|  Result_reg[0][31]_i_2_n_0 |                                                                                       |                                                                                |               40 |            160 |
|  sys_clk/inst/clk_out1     |                                                                                       | sigma/reset_sync/SR[0]                                                         |              211 |            804 |
+----------------------------+---------------------------------------------------------------------------------------+--------------------------------------------------------------------------------+------------------+----------------+


